<?xml version="1.0" encoding="UTF-8"?>
<coverage generated="1550947555633" clover="3.2.0">
  <project timestamp="1550947555633" name="All files">
    <metrics statements="36" coveredstatements="35" conditionals="10" coveredconditionals="5" methods="10" coveredmethods="6" elements="56" coveredelements="46" complexity="0" loc="36" ncloc="36" packages="3" files="9" classes="9"/>
    <package name="ReservationApp">
      <metrics statements="2" coveredstatements="1" conditionals="0" coveredconditionals="0" methods="1" coveredmethods="0"/>
      <file name="assetsTransformer.js" path="/Users/mustafa/Desktop/back_ups/reactN/2019-RN/ReservationApp/assetsTransformer.js">
        <metrics statements="2" coveredstatements="1" conditionals="0" coveredconditionals="0" methods="1" coveredmethods="0"/>
        <line num="1" count="1" type="stmt"/>
        <line num="3" count="0" type="stmt"/>
      </file>
    </package>
    <package name="ReservationApp.App.Components">
      <metrics statements="10" coveredstatements="10" conditionals="4" coveredconditionals="2" methods="4" coveredmethods="4"/>
      <file name="StyledText.js" path="/Users/mustafa/Desktop/back_ups/reactN/2019-RN/ReservationApp/App/Components/StyledText.js">
        <metrics statements="5" coveredstatements="5" conditionals="0" coveredconditionals="0" methods="3" coveredmethods="3"/>
        <line num="1" count="1" type="stmt"/>
        <line num="2" count="1" type="stmt"/>
        <line num="4" count="1" type="stmt"/>
        <line num="6" count="1" type="stmt"/>
        <line num="7" count="1" type="stmt"/>
      </file>
      <file name="TabBarLabel.js" path="/Users/mustafa/Desktop/back_ups/reactN/2019-RN/ReservationApp/App/Components/TabBarLabel.js">
        <metrics statements="5" coveredstatements="5" conditionals="4" coveredconditionals="2" methods="1" coveredmethods="1"/>
        <line num="1" count="1" type="stmt"/>
        <line num="3" count="1" type="stmt"/>
        <line num="4" count="1" type="stmt"/>
        <line num="5" count="1" type="stmt"/>
        <line num="10" count="1" type="stmt"/>
      </file>
    </package>
    <package name="ReservationApp.App.Constants">
      <metrics statements="24" coveredstatements="24" conditionals="6" coveredconditionals="3" methods="5" coveredmethods="2"/>
      <file name="Colors.js" path="/Users/mustafa/Desktop/back_ups/reactN/2019-RN/ReservationApp/App/Constants/Colors.js">
        <metrics statements="3" coveredstatements="3" conditionals="0" coveredconditionals="0" methods="0" coveredmethods="0"/>
        <line num="1" count="1" type="stmt"/>
        <line num="3" count="1" type="stmt"/>
        <line num="58" count="1" type="stmt"/>
      </file>
      <file name="Fonts.js" path="/Users/mustafa/Desktop/back_ups/reactN/2019-RN/ReservationApp/App/Constants/Fonts.js">
        <metrics statements="7" coveredstatements="7" conditionals="0" coveredconditionals="0" methods="0" coveredmethods="0"/>
        <line num="1" count="1" type="stmt"/>
        <line num="6" count="1" type="stmt"/>
        <line num="10" count="1" type="stmt"/>
        <line num="21" count="1" type="stmt"/>
        <line num="35" count="1" type="stmt"/>
        <line num="70" count="1" type="stmt"/>
        <line num="75" count="1" type="stmt"/>
      </file>
      <file name="Images.js" path="/Users/mustafa/Desktop/back_ups/reactN/2019-RN/ReservationApp/App/Constants/Images.js">
        <metrics statements="3" coveredstatements="3" conditionals="0" coveredconditionals="0" methods="0" coveredmethods="0"/>
        <line num="1" count="1" type="stmt"/>
        <line num="2" count="1" type="stmt"/>
        <line num="6" count="1" type="stmt"/>
      </file>
      <file name="ListFilters.js" path="/Users/mustafa/Desktop/back_ups/reactN/2019-RN/ReservationApp/App/Constants/ListFilters.js">
        <metrics statements="2" coveredstatements="2" conditionals="0" coveredconditionals="0" methods="0" coveredmethods="0"/>
        <line num="1" count="1" type="stmt"/>
        <line num="29" count="1" type="stmt"/>
      </file>
      <file name="Metrics.js" path="/Users/mustafa/Desktop/back_ups/reactN/2019-RN/ReservationApp/App/Constants/Metrics.js">
        <metrics statements="4" coveredstatements="4" conditionals="6" coveredconditionals="3" methods="0" coveredmethods="0"/>
        <line num="1" count="1" type="stmt"/>
        <line num="3" count="1" type="stmt"/>
        <line num="6" count="1" type="stmt"/>
        <line num="35" count="1" type="stmt"/>
      </file>
      <file name="index.js" path="/Users/mustafa/Desktop/back_ups/reactN/2019-RN/ReservationApp/App/Constants/index.js">
        <metrics statements="5" coveredstatements="5" conditionals="0" coveredconditionals="0" methods="5" coveredmethods="2"/>
        <line num="1" count="1" type="stmt"/>
        <line num="2" count="1" type="stmt"/>
        <line num="3" count="1" type="stmt"/>
        <line num="4" count="1" type="stmt"/>
        <line num="5" count="1" type="stmt"/>
      </file>
    </package>
  </project>
</coverage>
