<?xml version="1.0" encoding="UTF-8"?>
<coverage generated="1551355336534" clover="3.2.0">
  <project timestamp="1551355336534" name="All files">
    <metrics statements="289" coveredstatements="252" conditionals="91" coveredconditionals="42" methods="67" coveredmethods="36" elements="447" coveredelements="330" complexity="0" loc="289" ncloc="289" packages="13" files="37" classes="37"/>
    <package name="App.Api">
      <metrics statements="4" coveredstatements="4" conditionals="0" coveredconditionals="0" methods="4" coveredmethods="2"/>
      <file name="Mutations.js" path="/Users/mustafa/Desktop/back_ups/reactN/2019-RN/ReservationApp/App/Api/Mutations.js">
        <metrics statements="2" coveredstatements="2" conditionals="0" coveredconditionals="0" methods="2" coveredmethods="1"/>
        <line num="1" count="1" type="stmt"/>
        <line num="3" count="1" type="stmt"/>
      </file>
      <file name="Queries.js" path="/Users/mustafa/Desktop/back_ups/reactN/2019-RN/ReservationApp/App/Api/Queries.js">
        <metrics statements="2" coveredstatements="2" conditionals="0" coveredconditionals="0" methods="2" coveredmethods="1"/>
        <line num="1" count="1" type="stmt"/>
        <line num="3" count="1" type="stmt"/>
      </file>
    </package>
    <package name="App.Components.AddReservationScreen">
      <metrics statements="28" coveredstatements="26" conditionals="2" coveredconditionals="1" methods="8" coveredmethods="6"/>
      <file name="Input.js" path="/Users/mustafa/Desktop/back_ups/reactN/2019-RN/ReservationApp/App/Components/AddReservationScreen/Input.js">
        <metrics statements="21" coveredstatements="19" conditionals="2" coveredconditionals="1" methods="7" coveredmethods="5"/>
        <line num="1" count="2" type="stmt"/>
        <line num="3" count="2" type="stmt"/>
        <line num="4" count="2" type="stmt"/>
        <line num="6" count="2" type="stmt"/>
        <line num="23" count="2" type="stmt"/>
        <line num="25" count="9" type="stmt"/>
        <line num="26" count="9" type="stmt"/>
        <line num="32" count="0" type="stmt"/>
        <line num="33" count="9" type="stmt"/>
        <line num="36" count="1" type="stmt"/>
        <line num="37" count="1" type="stmt"/>
        <line num="38" count="9" type="stmt"/>
        <line num="40" count="1" type="stmt"/>
        <line num="42" count="12" type="stmt"/>
        <line num="43" count="12" type="stmt"/>
        <line num="44" count="12" type="stmt"/>
        <line num="45" count="12" type="stmt"/>
        <line num="46" count="12" type="stmt"/>
        <line num="56" count="0" type="stmt"/>
        <line num="66" count="2" type="stmt"/>
        <line num="69" count="2" type="stmt"/>
      </file>
      <file name="InputLabel.js" path="/Users/mustafa/Desktop/back_ups/reactN/2019-RN/ReservationApp/App/Components/AddReservationScreen/InputLabel.js">
        <metrics statements="7" coveredstatements="7" conditionals="0" coveredconditionals="0" methods="1" coveredmethods="1"/>
        <line num="1" count="2" type="stmt"/>
        <line num="3" count="2" type="stmt"/>
        <line num="4" count="2" type="stmt"/>
        <line num="6" count="2" type="stmt"/>
        <line num="15" count="3" type="stmt"/>
        <line num="16" count="3" type="stmt"/>
        <line num="28" count="2" type="stmt"/>
      </file>
    </package>
    <package name="App.Components.AddReservationScreen.Styles">
      <metrics statements="8" coveredstatements="8" conditionals="4" coveredconditionals="2" methods="0" coveredmethods="0"/>
      <file name="InputLabelStyles.js" path="/Users/mustafa/Desktop/back_ups/reactN/2019-RN/ReservationApp/App/Components/AddReservationScreen/Styles/InputLabelStyles.js">
        <metrics statements="4" coveredstatements="4" conditionals="2" coveredconditionals="1" methods="0" coveredmethods="0"/>
        <line num="1" count="2" type="stmt"/>
        <line num="2" count="2" type="stmt"/>
        <line num="4" count="2" type="stmt"/>
        <line num="13" count="2" type="stmt"/>
      </file>
      <file name="InputStyles.js" path="/Users/mustafa/Desktop/back_ups/reactN/2019-RN/ReservationApp/App/Components/AddReservationScreen/Styles/InputStyles.js">
        <metrics statements="4" coveredstatements="4" conditionals="2" coveredconditionals="1" methods="0" coveredmethods="0"/>
        <line num="1" count="2" type="stmt"/>
        <line num="2" count="2" type="stmt"/>
        <line num="4" count="2" type="stmt"/>
        <line num="33" count="2" type="stmt"/>
      </file>
    </package>
    <package name="App.Components.Common">
      <metrics statements="32" coveredstatements="32" conditionals="12" coveredconditionals="10" methods="4" coveredmethods="4"/>
      <file name="AlertMessage.js" path="/Users/mustafa/Desktop/back_ups/reactN/2019-RN/ReservationApp/App/Components/Common/AlertMessage.js">
        <metrics statements="10" coveredstatements="10" conditionals="4" coveredconditionals="4" methods="1" coveredmethods="1"/>
        <line num="1" count="3" type="stmt"/>
        <line num="3" count="3" type="stmt"/>
        <line num="4" count="3" type="stmt"/>
        <line num="6" count="3" type="stmt"/>
        <line num="16" count="3" type="stmt"/>
        <line num="17" count="3" type="cond" truecount="2" falsecount="0"/>
        <line num="18" count="2" type="stmt"/>
        <line num="19" count="2" type="stmt"/>
        <line num="32" count="1" type="stmt"/>
        <line num="35" count="3" type="stmt"/>
      </file>
      <file name="Button.js" path="/Users/mustafa/Desktop/back_ups/reactN/2019-RN/ReservationApp/App/Components/Common/Button.js">
        <metrics statements="8" coveredstatements="8" conditionals="5" coveredconditionals="3" methods="1" coveredmethods="1"/>
        <line num="1" count="3" type="stmt"/>
        <line num="3" count="3" type="stmt"/>
        <line num="4" count="3" type="stmt"/>
        <line num="5" count="3" type="stmt"/>
        <line num="18" count="7" type="stmt"/>
        <line num="19" count="7" type="stmt"/>
        <line num="21" count="7" type="stmt"/>
        <line num="33" count="3" type="stmt"/>
      </file>
      <file name="Label.js" path="/Users/mustafa/Desktop/back_ups/reactN/2019-RN/ReservationApp/App/Components/Common/Label.js">
        <metrics statements="8" coveredstatements="8" conditionals="3" coveredconditionals="3" methods="1" coveredmethods="1"/>
        <line num="1" count="3" type="stmt"/>
        <line num="3" count="3" type="stmt"/>
        <line num="4" count="3" type="stmt"/>
        <line num="6" count="3" type="stmt"/>
        <line num="16" count="5" type="stmt"/>
        <line num="17" count="5" type="stmt"/>
        <line num="19" count="5" type="cond" truecount="3" falsecount="0"/>
        <line num="22" count="3" type="stmt"/>
      </file>
      <file name="Row.js" path="/Users/mustafa/Desktop/back_ups/reactN/2019-RN/ReservationApp/App/Components/Common/Row.js">
        <metrics statements="6" coveredstatements="6" conditionals="0" coveredconditionals="0" methods="1" coveredmethods="1"/>
        <line num="1" count="3" type="stmt"/>
        <line num="3" count="3" type="stmt"/>
        <line num="4" count="3" type="stmt"/>
        <line num="6" count="3" type="stmt"/>
        <line num="11" count="3" type="stmt"/>
        <line num="14" count="3" type="stmt"/>
      </file>
    </package>
    <package name="App.Components.Common.Styles">
      <metrics statements="16" coveredstatements="16" conditionals="4" coveredconditionals="2" methods="0" coveredmethods="0"/>
      <file name="AlertMessageStyles.js" path="/Users/mustafa/Desktop/back_ups/reactN/2019-RN/ReservationApp/App/Components/Common/Styles/AlertMessageStyles.js">
        <metrics statements="4" coveredstatements="4" conditionals="0" coveredconditionals="0" methods="0" coveredmethods="0"/>
        <line num="1" count="3" type="stmt"/>
        <line num="2" count="3" type="stmt"/>
        <line num="4" count="3" type="stmt"/>
        <line num="23" count="3" type="stmt"/>
      </file>
      <file name="ButtonStyles.js" path="/Users/mustafa/Desktop/back_ups/reactN/2019-RN/ReservationApp/App/Components/Common/Styles/ButtonStyles.js">
        <metrics statements="4" coveredstatements="4" conditionals="2" coveredconditionals="1" methods="0" coveredmethods="0"/>
        <line num="1" count="3" type="stmt"/>
        <line num="2" count="3" type="stmt"/>
        <line num="4" count="3" type="stmt"/>
        <line num="17" count="3" type="stmt"/>
      </file>
      <file name="LabelStyles.js" path="/Users/mustafa/Desktop/back_ups/reactN/2019-RN/ReservationApp/App/Components/Common/Styles/LabelStyles.js">
        <metrics statements="4" coveredstatements="4" conditionals="2" coveredconditionals="1" methods="0" coveredmethods="0"/>
        <line num="1" count="3" type="stmt"/>
        <line num="3" count="3" type="stmt"/>
        <line num="5" count="3" type="stmt"/>
        <line num="8" count="3" type="stmt"/>
      </file>
      <file name="RowStyles.js" path="/Users/mustafa/Desktop/back_ups/reactN/2019-RN/ReservationApp/App/Components/Common/Styles/RowStyles.js">
        <metrics statements="4" coveredstatements="4" conditionals="0" coveredconditionals="0" methods="0" coveredmethods="0"/>
        <line num="1" count="3" type="stmt"/>
        <line num="2" count="3" type="stmt"/>
        <line num="4" count="3" type="stmt"/>
        <line num="10" count="3" type="stmt"/>
      </file>
    </package>
    <package name="App.Components.Navigation">
      <metrics statements="9" coveredstatements="9" conditionals="2" coveredconditionals="1" methods="1" coveredmethods="1"/>
      <file name="TabBarLabel.js" path="/Users/mustafa/Desktop/back_ups/reactN/2019-RN/ReservationApp/App/Components/Navigation/TabBarLabel.js">
        <metrics statements="9" coveredstatements="9" conditionals="2" coveredconditionals="1" methods="1" coveredmethods="1"/>
        <line num="1" count="1" type="stmt"/>
        <line num="3" count="1" type="stmt"/>
        <line num="4" count="1" type="stmt"/>
        <line num="5" count="1" type="stmt"/>
        <line num="7" count="1" type="stmt"/>
        <line num="17" count="7" type="stmt"/>
        <line num="18" count="7" type="stmt"/>
        <line num="20" count="7" type="stmt"/>
        <line num="25" count="1" type="stmt"/>
      </file>
    </package>
    <package name="App.Components.Navigation.Styles">
      <metrics statements="4" coveredstatements="4" conditionals="2" coveredconditionals="1" methods="0" coveredmethods="0"/>
      <file name="TabBarLabelStyles.js" path="/Users/mustafa/Desktop/back_ups/reactN/2019-RN/ReservationApp/App/Components/Navigation/Styles/TabBarLabelStyles.js">
        <metrics statements="4" coveredstatements="4" conditionals="2" coveredconditionals="1" methods="0" coveredmethods="0"/>
        <line num="1" count="1" type="stmt"/>
        <line num="3" count="1" type="stmt"/>
        <line num="5" count="1" type="stmt"/>
        <line num="8" count="1" type="stmt"/>
      </file>
    </package>
    <package name="App.Components.ReservationsScreen">
      <metrics statements="34" coveredstatements="32" conditionals="2" coveredconditionals="1" methods="8" coveredmethods="6"/>
      <file name="Center.js" path="/Users/mustafa/Desktop/back_ups/reactN/2019-RN/ReservationApp/App/Components/ReservationsScreen/Center.js">
        <metrics statements="6" coveredstatements="6" conditionals="0" coveredconditionals="0" methods="1" coveredmethods="1"/>
        <line num="1" count="2" type="stmt"/>
        <line num="3" count="2" type="stmt"/>
        <line num="4" count="2" type="stmt"/>
        <line num="6" count="2" type="stmt"/>
        <line num="11" count="2" type="stmt"/>
        <line num="14" count="2" type="stmt"/>
      </file>
      <file name="ListCard.js" path="/Users/mustafa/Desktop/back_ups/reactN/2019-RN/ReservationApp/App/Components/ReservationsScreen/ListCard.js">
        <metrics statements="7" coveredstatements="7" conditionals="0" coveredconditionals="0" methods="1" coveredmethods="1"/>
        <line num="1" count="2" type="stmt"/>
        <line num="3" count="2" type="stmt"/>
        <line num="4" count="2" type="stmt"/>
        <line num="5" count="2" type="stmt"/>
        <line num="10" count="1" type="stmt"/>
        <line num="11" count="1" type="stmt"/>
        <line num="12" count="1" type="stmt"/>
      </file>
      <file name="Search.js" path="/Users/mustafa/Desktop/back_ups/reactN/2019-RN/ReservationApp/App/Components/ReservationsScreen/Search.js">
        <metrics statements="16" coveredstatements="14" conditionals="2" coveredconditionals="1" methods="5" coveredmethods="3"/>
        <line num="1" count="2" type="stmt"/>
        <line num="3" count="2" type="stmt"/>
        <line num="4" count="2" type="stmt"/>
        <line num="5" count="2" type="stmt"/>
        <line num="6" count="2" type="stmt"/>
        <line num="8" count="2" type="stmt"/>
        <line num="19" count="2" type="stmt"/>
        <line num="20" count="3" type="stmt"/>
        <line num="21" count="3" type="stmt"/>
        <line num="28" count="0" type="stmt"/>
        <line num="29" count="3" type="stmt"/>
        <line num="30" count="4" type="stmt"/>
        <line num="31" count="4" type="stmt"/>
        <line num="32" count="4" type="stmt"/>
        <line num="42" count="0" type="stmt"/>
        <line num="51" count="2" type="stmt"/>
      </file>
      <file name="StickyCard.js" path="/Users/mustafa/Desktop/back_ups/reactN/2019-RN/ReservationApp/App/Components/ReservationsScreen/StickyCard.js">
        <metrics statements="5" coveredstatements="5" conditionals="0" coveredconditionals="0" methods="1" coveredmethods="1"/>
        <line num="1" count="2" type="stmt"/>
        <line num="3" count="2" type="stmt"/>
        <line num="4" count="2" type="stmt"/>
        <line num="6" count="2" type="stmt"/>
        <line num="11" count="2" type="stmt"/>
      </file>
    </package>
    <package name="App.Components.ReservationsScreen.Styles">
      <metrics statements="15" coveredstatements="15" conditionals="6" coveredconditionals="3" methods="0" coveredmethods="0"/>
      <file name="CenterStyles.js" path="/Users/mustafa/Desktop/back_ups/reactN/2019-RN/ReservationApp/App/Components/ReservationsScreen/Styles/CenterStyles.js">
        <metrics statements="3" coveredstatements="3" conditionals="0" coveredconditionals="0" methods="0" coveredmethods="0"/>
        <line num="1" count="2" type="stmt"/>
        <line num="3" count="2" type="stmt"/>
        <line num="7" count="2" type="stmt"/>
      </file>
      <file name="ListCardStyles.js" path="/Users/mustafa/Desktop/back_ups/reactN/2019-RN/ReservationApp/App/Components/ReservationsScreen/Styles/ListCardStyles.js">
        <metrics statements="4" coveredstatements="4" conditionals="4" coveredconditionals="2" methods="0" coveredmethods="0"/>
        <line num="1" count="2" type="stmt"/>
        <line num="2" count="2" type="stmt"/>
        <line num="4" count="2" type="stmt"/>
        <line num="46" count="2" type="cond" truecount="1" falsecount="1"/>
      </file>
      <file name="SearchStyles.js" path="/Users/mustafa/Desktop/back_ups/reactN/2019-RN/ReservationApp/App/Components/ReservationsScreen/Styles/SearchStyles.js">
        <metrics statements="4" coveredstatements="4" conditionals="2" coveredconditionals="1" methods="0" coveredmethods="0"/>
        <line num="1" count="2" type="stmt"/>
        <line num="2" count="2" type="stmt"/>
        <line num="4" count="2" type="stmt"/>
        <line num="30" count="2" type="stmt"/>
      </file>
      <file name="StickyCardStyles.js" path="/Users/mustafa/Desktop/back_ups/reactN/2019-RN/ReservationApp/App/Components/ReservationsScreen/Styles/StickyCardStyles.js">
        <metrics statements="4" coveredstatements="4" conditionals="0" coveredconditionals="0" methods="0" coveredmethods="0"/>
        <line num="1" count="2" type="stmt"/>
        <line num="2" count="2" type="stmt"/>
        <line num="4" count="2" type="stmt"/>
        <line num="11" count="2" type="stmt"/>
      </file>
    </package>
    <package name="App.Constants">
      <metrics statements="35" coveredstatements="35" conditionals="8" coveredconditionals="4" methods="8" coveredmethods="5"/>
      <file name="ApplicationStyles.js" path="/Users/mustafa/Desktop/back_ups/reactN/2019-RN/ReservationApp/App/Constants/ApplicationStyles.js">
        <metrics statements="6" coveredstatements="6" conditionals="2" coveredconditionals="1" methods="0" coveredmethods="0"/>
        <line num="1" count="13" type="stmt"/>
        <line num="2" count="13" type="stmt"/>
        <line num="3" count="13" type="stmt"/>
        <line num="5" count="13" type="stmt"/>
        <line num="14" count="13" type="stmt"/>
        <line num="15" count="13" type="stmt"/>
      </file>
      <file name="Colors.js" path="/Users/mustafa/Desktop/back_ups/reactN/2019-RN/ReservationApp/App/Constants/Colors.js">
        <metrics statements="3" coveredstatements="3" conditionals="0" coveredconditionals="0" methods="0" coveredmethods="0"/>
        <line num="1" count="13" type="stmt"/>
        <line num="3" count="13" type="stmt"/>
        <line num="60" count="13" type="stmt"/>
      </file>
      <file name="Fonts.js" path="/Users/mustafa/Desktop/back_ups/reactN/2019-RN/ReservationApp/App/Constants/Fonts.js">
        <metrics statements="7" coveredstatements="7" conditionals="0" coveredconditionals="0" methods="0" coveredmethods="0"/>
        <line num="1" count="13" type="stmt"/>
        <line num="6" count="13" type="stmt"/>
        <line num="10" count="13" type="stmt"/>
        <line num="21" count="13" type="stmt"/>
        <line num="35" count="13" type="stmt"/>
        <line num="70" count="13" type="stmt"/>
        <line num="75" count="13" type="stmt"/>
      </file>
      <file name="Images.js" path="/Users/mustafa/Desktop/back_ups/reactN/2019-RN/ReservationApp/App/Constants/Images.js">
        <metrics statements="2" coveredstatements="2" conditionals="0" coveredconditionals="0" methods="0" coveredmethods="0"/>
        <line num="1" count="13" type="stmt"/>
        <line num="5" count="13" type="stmt"/>
      </file>
      <file name="ListFilters.js" path="/Users/mustafa/Desktop/back_ups/reactN/2019-RN/ReservationApp/App/Constants/ListFilters.js">
        <metrics statements="2" coveredstatements="2" conditionals="0" coveredconditionals="0" methods="0" coveredmethods="0"/>
        <line num="1" count="13" type="stmt"/>
        <line num="40" count="13" type="stmt"/>
      </file>
      <file name="Metrics.js" path="/Users/mustafa/Desktop/back_ups/reactN/2019-RN/ReservationApp/App/Constants/Metrics.js">
        <metrics statements="4" coveredstatements="4" conditionals="6" coveredconditionals="3" methods="0" coveredmethods="0"/>
        <line num="1" count="13" type="stmt"/>
        <line num="3" count="13" type="stmt"/>
        <line num="6" count="13" type="stmt"/>
        <line num="35" count="13" type="stmt"/>
      </file>
      <file name="TestHelpers.js" path="/Users/mustafa/Desktop/back_ups/reactN/2019-RN/ReservationApp/App/Constants/TestHelpers.js">
        <metrics statements="4" coveredstatements="4" conditionals="0" coveredconditionals="0" methods="1" coveredmethods="1"/>
        <line num="1" count="13" type="stmt"/>
        <line num="2" count="13" type="stmt"/>
        <line num="3" count="13" type="stmt"/>
        <line num="5" count="13" type="stmt"/>
      </file>
      <file name="index.js" path="/Users/mustafa/Desktop/back_ups/reactN/2019-RN/ReservationApp/App/Constants/index.js">
        <metrics statements="7" coveredstatements="7" conditionals="0" coveredconditionals="0" methods="7" coveredmethods="4"/>
        <line num="1" count="89" type="stmt"/>
        <line num="2" count="13" type="stmt"/>
        <line num="3" count="13" type="stmt"/>
        <line num="4" count="13" type="stmt"/>
        <line num="5" count="13" type="stmt"/>
        <line num="6" count="13" type="stmt"/>
        <line num="7" count="13" type="stmt"/>
      </file>
    </package>
    <package name="App.Screens">
      <metrics statements="94" coveredstatements="62" conditionals="35" coveredconditionals="10" methods="33" coveredmethods="12"/>
      <file name="AddReservationScreen.js" path="/Users/mustafa/Desktop/back_ups/reactN/2019-RN/ReservationApp/App/Screens/AddReservationScreen.js">
        <metrics statements="47" coveredstatements="33" conditionals="23" coveredconditionals="8" methods="19" coveredmethods="6"/>
        <line num="1" count="1" type="stmt"/>
        <line num="3" count="1" type="stmt"/>
        <line num="4" count="1" type="stmt"/>
        <line num="5" count="1" type="stmt"/>
        <line num="6" count="1" type="stmt"/>
        <line num="7" count="1" type="stmt"/>
        <line num="8" count="1" type="stmt"/>
        <line num="9" count="1" type="stmt"/>
        <line num="10" count="1" type="stmt"/>
        <line num="11" count="1" type="stmt"/>
        <line num="12" count="1" type="stmt"/>
        <line num="13" count="1" type="stmt"/>
        <line num="14" count="1" type="stmt"/>
        <line num="15" count="1" type="stmt"/>
        <line num="16" count="1" type="stmt"/>
        <line num="18" count="1" type="stmt"/>
        <line num="27" count="1" type="stmt"/>
        <line num="35" count="5" type="stmt"/>
        <line num="36" count="5" type="stmt"/>
        <line num="46" count="3" type="cond" truecount="3" falsecount="0"/>
        <line num="48" count="1" type="stmt"/>
        <line num="51" count="1" type="stmt"/>
        <line num="53" count="1" type="stmt"/>
        <line num="56" count="1" type="stmt"/>
        <line num="58" count="1" type="stmt"/>
        <line num="60" count="5" type="stmt"/>
        <line num="62" count="0" type="stmt"/>
        <line num="63" count="5" type="stmt"/>
        <line num="65" count="0" type="stmt"/>
        <line num="66" count="5" type="stmt"/>
        <line num="67" count="10" type="stmt"/>
        <line num="82" count="10" type="stmt"/>
        <line num="83" count="10" type="stmt"/>
        <line num="85" count="10" type="stmt"/>
        <line num="97" count="0" type="stmt"/>
        <line num="108" count="0" type="stmt"/>
        <line num="119" count="0" type="stmt"/>
        <line num="120" count="0" type="cond" truecount="0" falsecount="2"/>
        <line num="121" count="0" type="stmt"/>
        <line num="129" count="0" type="stmt"/>
        <line num="150" count="0" type="stmt"/>
        <line num="151" count="0" type="stmt"/>
        <line num="191" count="0" type="stmt"/>
        <line num="192" count="0" type="stmt"/>
        <line num="220" count="0" type="stmt"/>
        <line num="221" count="0" type="stmt"/>
        <line num="257" count="1" type="stmt"/>
      </file>
      <file name="ReservationsScreen.js" path="/Users/mustafa/Desktop/back_ups/reactN/2019-RN/ReservationApp/App/Screens/ReservationsScreen.js">
        <metrics statements="47" coveredstatements="29" conditionals="12" coveredconditionals="2" methods="14" coveredmethods="6"/>
        <line num="1" count="1" type="stmt"/>
        <line num="2" count="1" type="stmt"/>
        <line num="3" count="1" type="stmt"/>
        <line num="4" count="1" type="stmt"/>
        <line num="5" count="1" type="stmt"/>
        <line num="6" count="1" type="stmt"/>
        <line num="7" count="1" type="stmt"/>
        <line num="8" count="1" type="stmt"/>
        <line num="9" count="1" type="stmt"/>
        <line num="10" count="1" type="stmt"/>
        <line num="11" count="1" type="stmt"/>
        <line num="12" count="1" type="stmt"/>
        <line num="13" count="1" type="stmt"/>
        <line num="14" count="1" type="stmt"/>
        <line num="16" count="1" type="stmt"/>
        <line num="25" count="1" type="stmt"/>
        <line num="32" count="11" type="stmt"/>
        <line num="33" count="11" type="stmt"/>
        <line num="37" count="1" type="stmt"/>
        <line num="38" count="11" type="stmt"/>
        <line num="40" count="1" type="stmt"/>
        <line num="41" count="11" type="stmt"/>
        <line num="42" count="15" type="stmt"/>
        <line num="43" count="15" type="stmt"/>
        <line num="44" count="15" type="stmt"/>
        <line num="45" count="15" type="cond" truecount="2" falsecount="0"/>
        <line num="46" count="15" type="stmt"/>
        <line num="51" count="0" type="stmt"/>
        <line num="54" count="0" type="stmt"/>
        <line num="77" count="120" type="stmt"/>
        <line num="91" count="0" type="stmt"/>
        <line num="92" count="0" type="stmt"/>
        <line num="93" count="0" type="cond" truecount="0" falsecount="2"/>
        <line num="94" count="0" type="stmt"/>
        <line num="103" count="0" type="cond" truecount="0" falsecount="2"/>
        <line num="104" count="0" type="stmt"/>
        <line num="113" count="0" type="cond" truecount="0" falsecount="4"/>
        <line num="114" count="0" type="stmt"/>
        <line num="123" count="0" type="stmt"/>
        <line num="126" count="0" type="stmt"/>
        <line num="127" count="0" type="stmt"/>
        <line num="132" count="0" type="stmt"/>
        <line num="133" count="0" type="cond" truecount="0" falsecount="2"/>
        <line num="134" count="0" type="stmt"/>
        <line num="141" count="0" type="stmt"/>
        <line num="143" count="0" type="stmt"/>
        <line num="150" count="1" type="stmt"/>
      </file>
    </package>
    <package name="App.Screens.Styles">
      <metrics statements="8" coveredstatements="8" conditionals="14" coveredconditionals="7" methods="0" coveredmethods="0"/>
      <file name="AddReservationStyles.js" path="/Users/mustafa/Desktop/back_ups/reactN/2019-RN/ReservationApp/App/Screens/Styles/AddReservationStyles.js">
        <metrics statements="4" coveredstatements="4" conditionals="6" coveredconditionals="3" methods="0" coveredmethods="0"/>
        <line num="1" count="1" type="stmt"/>
        <line num="2" count="1" type="stmt"/>
        <line num="4" count="1" type="stmt"/>
        <line num="74" count="1" type="stmt"/>
      </file>
      <file name="ReservationScreenStyles.js" path="/Users/mustafa/Desktop/back_ups/reactN/2019-RN/ReservationApp/App/Screens/Styles/ReservationScreenStyles.js">
        <metrics statements="4" coveredstatements="4" conditionals="8" coveredconditionals="4" methods="0" coveredmethods="0"/>
        <line num="1" count="1" type="stmt"/>
        <line num="2" count="1" type="stmt"/>
        <line num="4" count="1" type="stmt"/>
        <line num="44" count="1" type="stmt"/>
      </file>
    </package>
    <package name="jest">
      <metrics statements="2" coveredstatements="1" conditionals="0" coveredconditionals="0" methods="1" coveredmethods="0"/>
      <file name="assetsTransformer.js" path="/Users/mustafa/Desktop/back_ups/reactN/2019-RN/ReservationApp/jest/assetsTransformer.js">
        <metrics statements="2" coveredstatements="1" conditionals="0" coveredconditionals="0" methods="1" coveredmethods="0"/>
        <line num="1" count="13" type="stmt"/>
        <line num="3" count="0" type="stmt"/>
      </file>
    </package>
  </project>
</coverage>
