{"/Users/mustafa/Desktop/back_ups/reactN/2019-RN/ReservationApp/assetsTransformer.js": {"path":"/Users/mustafa/Desktop/back_ups/reactN/2019-RN/ReservationApp/assetsTransformer.js","statementMap":{"0":{"start":{"line":1,"column":0},"end":{"line":4,"column":6}},"1":{"start":{"line":3,"column":4},"end":{"line":3,"column":79}}},"fnMap":{"0":{"name":"process","decl":{"start":{"line":2,"column":20},"end":{"line":2,"column":27}},"loc":{"start":{"line":2,"column":60},"end":{"line":4,"column":3}},"line":2}},"branchMap":{},"s":{"0":1,"1":0},"f":{"0":0},"b":{},"_coverageSchema":"43e27e138ebf9cfc5966b082cf9a028302ed4184","hash":"1fd93c2a9acbd0580dda01a3c3a84777073e70bf"}
,"/Users/mustafa/Desktop/back_ups/reactN/2019-RN/ReservationApp/App/Components/StyledText.js": {"path":"/Users/mustafa/Desktop/back_ups/reactN/2019-RN/ReservationApp/App/Components/StyledText.js","statementMap":{"0":{"start":{"line":1,"column":42},"end":{"line":1,"column":97}},"1":{"start":{"line":1,"column":98},"end":{"line":1,"column":160}},"2":{"start":{"line":1,"column":160},"end":{"line":1,"column":186}},"3":{"start":{"line":1,"column":202},"end":{"line":1,"column":267}},"4":{"start":{"line":1,"column":291},"end":{"line":1,"column":363}},"5":{"start":{"line":1,"column":384},"end":{"line":1,"column":453}},"6":{"start":{"line":1,"column":488},"end":{"line":1,"column":571}},"7":{"start":{"line":1,"column":595},"end":{"line":1,"column":667}},"8":{"start":{"line":1,"column":685},"end":{"line":1,"column":751}},"9":{"start":{"line":1,"column":765},"end":{"line":1,"column":805}},"10":{"start":{"line":2,"column":19},"end":{"line":2,"column":42}},"11":{"start":{"line":2,"column":62},"end":{"line":2,"column":154}},"12":{"start":{"line":4,"column":11},"end":{"line":7,"column":53}},"13":{"start":{"line":4,"column":40},"end":{"line":4,"column":92}},"14":{"start":{"line":4,"column":113},"end":{"line":4,"column":159}},"15":{"start":{"line":4,"column":159},"end":{"line":4,"column":277}},"16":{"start":{"line":4,"column":278},"end":{"line":7,"column":10}},"17":{"start":{"line":6,"column":6},"end":{"line":6,"column":215}},"18":{"start":{"line":7,"column":10},"end":{"line":7,"column":26}},"19":{"start":{"line":7,"column":54},"end":{"line":7,"column":82}}},"fnMap":{"0":{"name":"(anonymous_0)","decl":{"start":{"line":4,"column":11},"end":{"line":4,"column":12}},"loc":{"start":{"line":4,"column":39},"end":{"line":7,"column":27}},"line":4},"1":{"name":"MonoText","decl":{"start":{"line":4,"column":101},"end":{"line":4,"column":109}},"loc":{"start":{"line":4,"column":112},"end":{"line":4,"column":278}},"line":4},"2":{"name":"render","decl":{"start":{"line":4,"column":349},"end":{"line":4,"column":355}},"loc":{"start":{"line":5,"column":4},"end":{"line":7,"column":5}},"line":5}},"branchMap":{},"s":{"0":1,"1":1,"2":1,"3":1,"4":1,"5":1,"6":1,"7":1,"8":1,"9":1,"10":1,"11":1,"12":1,"13":1,"14":1,"15":1,"16":1,"17":1,"18":1,"19":1},"f":{"0":1,"1":1,"2":1},"b":{},"_coverageSchema":"43e27e138ebf9cfc5966b082cf9a028302ed4184","hash":"818976960bb44ba16b88be43ef93bf38514a7154"}
,"/Users/mustafa/Desktop/back_ups/reactN/2019-RN/ReservationApp/App/Components/TabBarLabel.js": {"path":"/Users/mustafa/Desktop/back_ups/reactN/2019-RN/ReservationApp/App/Components/TabBarLabel.js","statementMap":{"0":{"start":{"line":1,"column":42},"end":{"line":1,"column":97}},"1":{"start":{"line":1,"column":98},"end":{"line":1,"column":160}},"2":{"start":{"line":1,"column":160},"end":{"line":1,"column":190}},"3":{"start":{"line":3,"column":13},"end":{"line":3,"column":53}},"4":{"start":{"line":4,"column":19},"end":{"line":4,"column":42}},"5":{"start":{"line":5,"column":17},"end":{"line":5,"column":40}},"6":{"start":{"line":5,"column":60},"end":{"line":5,"column":153}},"7":{"start":{"line":10,"column":2},"end":{"line":19,"column":18}}},"fnMap":{"0":{"name":"TabBarLabel","decl":{"start":{"line":9,"column":9},"end":{"line":9,"column":20}},"loc":{"start":{"line":9,"column":28},"end":{"line":22,"column":1}},"line":9}},"branchMap":{"0":{"loc":{"start":{"line":14,"column":15},"end":{"line":14,"column":95}},"type":"cond-expr","locations":[{"start":{"line":14,"column":31},"end":{"line":14,"column":60}},{"start":{"line":14,"column":63},"end":{"line":14,"column":95}}],"line":14},"1":{"loc":{"start":{"line":15,"column":20},"end":{"line":15,"column":131}},"type":"cond-expr","locations":[{"start":{"line":15,"column":56},"end":{"line":15,"column":90}},{"start":{"line":15,"column":93},"end":{"line":15,"column":131}}],"line":15}},"s":{"0":1,"1":1,"2":1,"3":1,"4":1,"5":1,"6":1,"7":1},"f":{"0":1},"b":{"0":[1,0],"1":[1,0]},"_coverageSchema":"43e27e138ebf9cfc5966b082cf9a028302ed4184","hash":"7dad0d5f34f863c5035e01b2c99b91b6111192f3"}
,"/Users/mustafa/Desktop/back_ups/reactN/2019-RN/ReservationApp/App/Constants/Colors.js": {"path":"/Users/mustafa/Desktop/back_ups/reactN/2019-RN/ReservationApp/App/Constants/Colors.js","statementMap":{"0":{"start":{"line":1,"column":13},"end":{"line":1,"column":75}},"1":{"start":{"line":1,"column":75},"end":{"line":1,"column":100}},"2":{"start":{"line":1,"column":116},"end":{"line":1,"column":125}},"3":{"start":{"line":3,"column":0},"end":{"line":58,"column":29}},"4":{"start":{"line":58,"column":30},"end":{"line":58,"column":57}}},"fnMap":{},"branchMap":{},"s":{"0":1,"1":1,"2":1,"3":1,"4":1},"f":{},"b":{},"_coverageSchema":"43e27e138ebf9cfc5966b082cf9a028302ed4184","hash":"d6e128bed66ef4e18f4ceb68354252824f3396ad"}
,"/Users/mustafa/Desktop/back_ups/reactN/2019-RN/ReservationApp/App/Constants/Fonts.js": {"path":"/Users/mustafa/Desktop/back_ups/reactN/2019-RN/ReservationApp/App/Constants/Fonts.js","statementMap":{"0":{"start":{"line":1,"column":13},"end":{"line":1,"column":75}},"1":{"start":{"line":1,"column":75},"end":{"line":1,"column":100}},"2":{"start":{"line":1,"column":111},"end":{"line":4,"column":36}},"3":{"start":{"line":6,"column":18},"end":{"line":8,"column":37}},"4":{"start":{"line":10,"column":14},"end":{"line":19,"column":41}},"5":{"start":{"line":21,"column":11},"end":{"line":32,"column":13}},"6":{"start":{"line":35,"column":12},"end":{"line":66,"column":29}},"7":{"start":{"line":70,"column":0},"end":{"line":75,"column":20}},"8":{"start":{"line":75,"column":21},"end":{"line":75,"column":48}}},"fnMap":{},"branchMap":{},"s":{"0":1,"1":1,"2":1,"3":1,"4":1,"5":1,"6":1,"7":1,"8":1},"f":{},"b":{},"_coverageSchema":"43e27e138ebf9cfc5966b082cf9a028302ed4184","hash":"98b04077d78325bb164b9c8dadc894b0d06724ba"}
,"/Users/mustafa/Desktop/back_ups/reactN/2019-RN/ReservationApp/App/Constants/Images.js": {"path":"/Users/mustafa/Desktop/back_ups/reactN/2019-RN/ReservationApp/App/Constants/Images.js","statementMap":{"0":{"start":{"line":1,"column":13},"end":{"line":1,"column":75}},"1":{"start":{"line":1,"column":75},"end":{"line":1,"column":100}},"2":{"start":{"line":2,"column":13},"end":{"line":3,"column":41}},"3":{"start":{"line":6,"column":0},"end":{"line":6,"column":6}},"4":{"start":{"line":6,"column":7},"end":{"line":6,"column":34}}},"fnMap":{},"branchMap":{},"s":{"0":1,"1":1,"2":1,"3":1,"4":1},"f":{},"b":{},"_coverageSchema":"43e27e138ebf9cfc5966b082cf9a028302ed4184","hash":"4b2128065381cfff101fbba0f5d780a9b5240ee4"}
,"/Users/mustafa/Desktop/back_ups/reactN/2019-RN/ReservationApp/App/Constants/ListFilters.js": {"path":"/Users/mustafa/Desktop/back_ups/reactN/2019-RN/ReservationApp/App/Constants/ListFilters.js","statementMap":{"0":{"start":{"line":1,"column":13},"end":{"line":1,"column":75}},"1":{"start":{"line":1,"column":75},"end":{"line":1,"column":100}},"2":{"start":{"line":1,"column":115},"end":{"line":29,"column":27}},"3":{"start":{"line":29,"column":28},"end":{"line":29,"column":55}}},"fnMap":{},"branchMap":{},"s":{"0":1,"1":1,"2":1,"3":1},"f":{},"b":{},"_coverageSchema":"43e27e138ebf9cfc5966b082cf9a028302ed4184","hash":"f98664d375be48d7f499a376bc42772ff1fa560d"}
,"/Users/mustafa/Desktop/back_ups/reactN/2019-RN/ReservationApp/App/Constants/Metrics.js": {"path":"/Users/mustafa/Desktop/back_ups/reactN/2019-RN/ReservationApp/App/Constants/Metrics.js","statementMap":{"0":{"start":{"line":1,"column":13},"end":{"line":1,"column":75}},"1":{"start":{"line":1,"column":75},"end":{"line":1,"column":100}},"2":{"start":{"line":1,"column":119},"end":{"line":1,"column":142}},"3":{"start":{"line":3,"column":0},"end":{"line":3,"column":37}},"4":{"start":{"line":3,"column":46},"end":{"line":3,"column":67}},"5":{"start":{"line":3,"column":77},"end":{"line":3,"column":99}},"6":{"start":{"line":6,"column":14},"end":{"line":31,"column":17}},"7":{"start":{"line":35,"column":0},"end":{"line":35,"column":7}},"8":{"start":{"line":35,"column":8},"end":{"line":35,"column":35}}},"fnMap":{},"branchMap":{"0":{"loc":{"start":{"line":16,"column":15},"end":{"line":16,"column":46}},"type":"cond-expr","locations":[{"start":{"line":16,"column":32},"end":{"line":16,"column":37}},{"start":{"line":16,"column":40},"end":{"line":16,"column":46}}],"line":16},"1":{"loc":{"start":{"line":17,"column":16},"end":{"line":17,"column":47}},"type":"cond-expr","locations":[{"start":{"line":17,"column":33},"end":{"line":17,"column":39}},{"start":{"line":17,"column":42},"end":{"line":17,"column":47}}],"line":17},"2":{"loc":{"start":{"line":18,"column":16},"end":{"line":18,"column":60}},"type":"cond-expr","locations":[{"start":{"line":18,"column":53},"end":{"line":18,"column":55}},{"start":{"line":18,"column":58},"end":{"line":18,"column":60}}],"line":18}},"s":{"0":1,"1":1,"2":1,"3":1,"4":1,"5":1,"6":1,"7":1,"8":1},"f":{},"b":{"0":[1,0],"1":[1,0],"2":[1,0]},"_coverageSchema":"43e27e138ebf9cfc5966b082cf9a028302ed4184","hash":"8964aeda95ff2f9748e611434383affec37af0af"}
,"/Users/mustafa/Desktop/back_ups/reactN/2019-RN/ReservationApp/App/Constants/index.js": {"path":"/Users/mustafa/Desktop/back_ups/reactN/2019-RN/ReservationApp/App/Constants/index.js","statementMap":{"0":{"start":{"line":1,"column":42},"end":{"line":1,"column":97}},"1":{"start":{"line":1,"column":98},"end":{"line":1,"column":160}},"2":{"start":{"line":1,"column":160},"end":{"line":1,"column":270}},"3":{"start":{"line":1,"column":242},"end":{"line":1,"column":265}},"4":{"start":{"line":1,"column":270},"end":{"line":1,"column":378}},"5":{"start":{"line":1,"column":351},"end":{"line":1,"column":373}},"6":{"start":{"line":1,"column":378},"end":{"line":1,"column":490}},"7":{"start":{"line":1,"column":461},"end":{"line":1,"column":485}},"8":{"start":{"line":1,"column":490},"end":{"line":1,"column":600}},"9":{"start":{"line":1,"column":572},"end":{"line":1,"column":595}},"10":{"start":{"line":1,"column":600},"end":{"line":1,"column":720}},"11":{"start":{"line":1,"column":687},"end":{"line":1,"column":715}},"12":{"start":{"line":1,"column":734},"end":{"line":1,"column":777}},"13":{"start":{"line":2,"column":13},"end":{"line":2,"column":55}},"14":{"start":{"line":3,"column":15},"end":{"line":3,"column":59}},"15":{"start":{"line":4,"column":14},"end":{"line":4,"column":57}},"16":{"start":{"line":5,"column":19},"end":{"line":5,"column":67}}},"fnMap":{"0":{"name":"get","decl":{"start":{"line":1,"column":235},"end":{"line":1,"column":238}},"loc":{"start":{"line":1,"column":241},"end":{"line":1,"column":266}},"line":1},"1":{"name":"get","decl":{"start":{"line":1,"column":344},"end":{"line":1,"column":347}},"loc":{"start":{"line":1,"column":350},"end":{"line":1,"column":374}},"line":1},"2":{"name":"get","decl":{"start":{"line":1,"column":454},"end":{"line":1,"column":457}},"loc":{"start":{"line":1,"column":460},"end":{"line":1,"column":486}},"line":1},"3":{"name":"get","decl":{"start":{"line":1,"column":565},"end":{"line":1,"column":568}},"loc":{"start":{"line":1,"column":571},"end":{"line":1,"column":596}},"line":1},"4":{"name":"get","decl":{"start":{"line":1,"column":680},"end":{"line":1,"column":683}},"loc":{"start":{"line":1,"column":686},"end":{"line":1,"column":716}},"line":1}},"branchMap":{},"s":{"0":1,"1":1,"2":1,"3":1,"4":1,"5":1,"6":1,"7":0,"8":1,"9":0,"10":1,"11":0,"12":1,"13":1,"14":1,"15":1,"16":1},"f":{"0":1,"1":1,"2":0,"3":0,"4":0},"b":{},"_coverageSchema":"43e27e138ebf9cfc5966b082cf9a028302ed4184","hash":"74c0469e8894dc82df3c303fffb61dec3f04bce9"}
}
