{"/Users/mustafa/Desktop/back_ups/reactN/2019-RN/ReservationApp/App/Components/AddReservationScreen/Input.js": {"path":"/Users/mustafa/Desktop/back_ups/reactN/2019-RN/ReservationApp/App/Components/AddReservationScreen/Input.js","statementMap":{"0":{"start":{"line":1,"column":42},"end":{"line":1,"column":97}},"1":{"start":{"line":1,"column":128},"end":{"line":1,"column":184}},"2":{"start":{"line":1,"column":185},"end":{"line":1,"column":247}},"3":{"start":{"line":1,"column":247},"end":{"line":1,"column":272}},"4":{"start":{"line":1,"column":295},"end":{"line":1,"column":367}},"5":{"start":{"line":1,"column":388},"end":{"line":1,"column":457}},"6":{"start":{"line":1,"column":492},"end":{"line":1,"column":575}},"7":{"start":{"line":1,"column":599},"end":{"line":1,"column":671}},"8":{"start":{"line":1,"column":689},"end":{"line":1,"column":755}},"9":{"start":{"line":3,"column":12},"end":{"line":3,"column":53}},"10":{"start":{"line":4,"column":19},"end":{"line":4,"column":42}},"11":{"start":{"line":6,"column":19},"end":{"line":6,"column":74}},"12":{"start":{"line":6,"column":94},"end":{"line":6,"column":202}},"13":{"start":{"line":23,"column":8},"end":{"line":65,"column":41}},"14":{"start":{"line":23,"column":37},"end":{"line":23,"column":86}},"15":{"start":{"line":25,"column":35},"end":{"line":25,"column":78}},"16":{"start":{"line":26,"column":4},"end":{"line":26,"column":115}},"17":{"start":{"line":26,"column":115},"end":{"line":33,"column":6}},"18":{"start":{"line":32,"column":6},"end":{"line":32,"column":52}},"19":{"start":{"line":33,"column":6},"end":{"line":38,"column":6}},"20":{"start":{"line":36,"column":6},"end":{"line":36,"column":42}},"21":{"start":{"line":37,"column":6},"end":{"line":37,"column":44}},"22":{"start":{"line":38,"column":6},"end":{"line":38,"column":40}},"23":{"start":{"line":38,"column":40},"end":{"line":38,"column":53}},"24":{"start":{"line":38,"column":54},"end":{"line":65,"column":10}},"25":{"start":{"line":40,"column":6},"end":{"line":40,"column":67}},"26":{"start":{"line":42,"column":18},"end":{"line":42,"column":22}},"27":{"start":{"line":43,"column":18},"end":{"line":43,"column":38}},"28":{"start":{"line":44,"column":6},"end":{"line":44,"column":16}},"29":{"start":{"line":44,"column":25},"end":{"line":44,"column":42}},"30":{"start":{"line":44,"column":57},"end":{"line":44,"column":80}},"31":{"start":{"line":44,"column":89},"end":{"line":44,"column":106}},"32":{"start":{"line":44,"column":115},"end":{"line":44,"column":132}},"33":{"start":{"line":45,"column":18},"end":{"line":45,"column":48}},"34":{"start":{"line":45,"column":61},"end":{"line":45,"column":91}},"35":{"start":{"line":45,"column":104},"end":{"line":45,"column":134}},"36":{"start":{"line":46,"column":6},"end":{"line":62,"column":141}},"37":{"start":{"line":55,"column":39},"end":{"line":55,"column":83}},"38":{"start":{"line":65,"column":10},"end":{"line":65,"column":23}},"39":{"start":{"line":65,"column":42},"end":{"line":65,"column":66}},"40":{"start":{"line":68,"column":0},"end":{"line":73,"column":21}}},"fnMap":{"0":{"name":"(anonymous_0)","decl":{"start":{"line":23,"column":8},"end":{"line":23,"column":9}},"loc":{"start":{"line":23,"column":36},"end":{"line":65,"column":24}},"line":23},"1":{"name":"Input","decl":{"start":{"line":25,"column":11},"end":{"line":25,"column":16}},"loc":{"start":{"line":25,"column":24},"end":{"line":38,"column":54}},"line":25},"2":{"name":"(anonymous_2)","decl":{"start":{"line":31,"column":19},"end":{"line":31,"column":20}},"loc":{"start":{"line":31,"column":36},"end":{"line":33,"column":5}},"line":31},"3":{"name":"(anonymous_3)","decl":{"start":{"line":35,"column":18},"end":{"line":35,"column":19}},"loc":{"start":{"line":35,"column":30},"end":{"line":38,"column":5}},"line":35},"4":{"name":"textInputonFocusStyleHandle","decl":{"start":{"line":38,"column":143},"end":{"line":38,"column":170}},"loc":{"start":{"line":39,"column":4},"end":{"line":41,"column":5}},"line":39},"5":{"name":"render","decl":{"start":{"line":41,"column":42},"end":{"line":41,"column":48}},"loc":{"start":{"line":42,"column":4},"end":{"line":65,"column":5}},"line":42},"6":{"name":"onFocus","decl":{"start":{"line":55,"column":28},"end":{"line":55,"column":35}},"loc":{"start":{"line":55,"column":38},"end":{"line":55,"column":84}},"line":55}},"branchMap":{"0":{"loc":{"start":{"line":62,"column":8},"end":{"line":62,"column":138}},"type":"binary-expr","locations":[{"start":{"line":62,"column":8},"end":{"line":62,"column":13}},{"start":{"line":62,"column":17},"end":{"line":62,"column":138}}],"line":62}},"s":{"0":1,"1":1,"2":1,"3":1,"4":1,"5":1,"6":1,"7":1,"8":1,"9":1,"10":1,"11":1,"12":1,"13":1,"14":1,"15":6,"16":6,"17":6,"18":0,"19":6,"20":0,"21":0,"22":6,"23":6,"24":1,"25":0,"26":7,"27":7,"28":7,"29":7,"30":7,"31":7,"32":7,"33":7,"34":7,"35":7,"36":7,"37":0,"38":1,"39":1,"40":1},"f":{"0":1,"1":6,"2":0,"3":0,"4":0,"5":7,"6":0},"b":{"0":[7,0]},"_coverageSchema":"43e27e138ebf9cfc5966b082cf9a028302ed4184","hash":"f19f036413f5e2f73a80e0ab8765bb4f17596de2"}
,"/Users/mustafa/Desktop/back_ups/reactN/2019-RN/ReservationApp/App/Components/AddReservationScreen/InputLabel.js": {"path":"/Users/mustafa/Desktop/back_ups/reactN/2019-RN/ReservationApp/App/Components/AddReservationScreen/InputLabel.js","statementMap":{"0":{"start":{"line":1,"column":42},"end":{"line":1,"column":97}},"1":{"start":{"line":1,"column":128},"end":{"line":1,"column":184}},"2":{"start":{"line":1,"column":185},"end":{"line":1,"column":247}},"3":{"start":{"line":1,"column":247},"end":{"line":1,"column":276}},"4":{"start":{"line":1,"column":297},"end":{"line":1,"column":367}},"5":{"start":{"line":3,"column":12},"end":{"line":3,"column":53}},"6":{"start":{"line":4,"column":19},"end":{"line":4,"column":42}},"7":{"start":{"line":6,"column":24},"end":{"line":6,"column":84}},"8":{"start":{"line":6,"column":104},"end":{"line":6,"column":217}},"9":{"start":{"line":15,"column":19},"end":{"line":15,"column":39}},"10":{"start":{"line":15,"column":48},"end":{"line":15,"column":59}},"11":{"start":{"line":16,"column":2},"end":{"line":23,"column":12}},"12":{"start":{"line":28,"column":0},"end":{"line":30,"column":25}}},"fnMap":{"0":{"name":"InputLabel","decl":{"start":{"line":14,"column":9},"end":{"line":14,"column":19}},"loc":{"start":{"line":14,"column":27},"end":{"line":26,"column":1}},"line":14}},"branchMap":{},"s":{"0":1,"1":1,"2":1,"3":1,"4":1,"5":1,"6":1,"7":1,"8":1,"9":3,"10":3,"11":3,"12":1},"f":{"0":3},"b":{},"_coverageSchema":"43e27e138ebf9cfc5966b082cf9a028302ed4184","hash":"79f544b2364f7138105fcace6f3c4ba0e136f1b8"}
,"/Users/mustafa/Desktop/back_ups/reactN/2019-RN/ReservationApp/App/Components/AddReservationScreen/Styles/InputLabelStyles.js": {"path":"/Users/mustafa/Desktop/back_ups/reactN/2019-RN/ReservationApp/App/Components/AddReservationScreen/Styles/InputLabelStyles.js","statementMap":{"0":{"start":{"line":1,"column":13},"end":{"line":1,"column":75}},"1":{"start":{"line":1,"column":75},"end":{"line":1,"column":100}},"2":{"start":{"line":1,"column":119},"end":{"line":1,"column":142}},"3":{"start":{"line":2,"column":17},"end":{"line":2,"column":46}},"4":{"start":{"line":4,"column":0},"end":{"line":13,"column":18}},"5":{"start":{"line":13,"column":19},"end":{"line":13,"column":46}}},"fnMap":{},"branchMap":{"0":{"loc":{"start":{"line":9,"column":16},"end":{"line":9,"column":127}},"type":"cond-expr","locations":[{"start":{"line":9,"column":52},"end":{"line":9,"column":86}},{"start":{"line":9,"column":89},"end":{"line":9,"column":127}}],"line":9}},"s":{"0":1,"1":1,"2":1,"3":1,"4":1,"5":1},"f":{},"b":{"0":[1,0]},"_coverageSchema":"43e27e138ebf9cfc5966b082cf9a028302ed4184","hash":"8ae2e9ddac20af243a323d6f0b9696175766de11"}
,"/Users/mustafa/Desktop/back_ups/reactN/2019-RN/ReservationApp/App/Components/AddReservationScreen/Styles/InputStyles.js": {"path":"/Users/mustafa/Desktop/back_ups/reactN/2019-RN/ReservationApp/App/Components/AddReservationScreen/Styles/InputStyles.js","statementMap":{"0":{"start":{"line":1,"column":13},"end":{"line":1,"column":75}},"1":{"start":{"line":1,"column":75},"end":{"line":1,"column":100}},"2":{"start":{"line":1,"column":119},"end":{"line":1,"column":142}},"3":{"start":{"line":2,"column":17},"end":{"line":2,"column":46}},"4":{"start":{"line":4,"column":0},"end":{"line":33,"column":19}},"5":{"start":{"line":33,"column":20},"end":{"line":33,"column":47}}},"fnMap":{},"branchMap":{"0":{"loc":{"start":{"line":29,"column":16},"end":{"line":29,"column":117}},"type":"cond-expr","locations":[{"start":{"line":29,"column":52},"end":{"line":29,"column":81}},{"start":{"line":29,"column":84},"end":{"line":29,"column":117}}],"line":29}},"s":{"0":1,"1":1,"2":1,"3":1,"4":1,"5":1},"f":{},"b":{"0":[1,0]},"_coverageSchema":"43e27e138ebf9cfc5966b082cf9a028302ed4184","hash":"35756023ecee110edbcde7f705b8326a29c1fde2"}
,"/Users/mustafa/Desktop/back_ups/reactN/2019-RN/ReservationApp/App/Components/Common/AlertMessage.js": {"path":"/Users/mustafa/Desktop/back_ups/reactN/2019-RN/ReservationApp/App/Components/Common/AlertMessage.js","statementMap":{"0":{"start":{"line":1,"column":43},"end":{"line":1,"column":99}},"1":{"start":{"line":1,"column":129},"end":{"line":1,"column":184}},"2":{"start":{"line":1,"column":185},"end":{"line":1,"column":247}},"3":{"start":{"line":1,"column":247},"end":{"line":1,"column":278}},"4":{"start":{"line":3,"column":12},"end":{"line":3,"column":53}},"5":{"start":{"line":4,"column":19},"end":{"line":4,"column":42}},"6":{"start":{"line":6,"column":26},"end":{"line":6,"column":88}},"7":{"start":{"line":6,"column":108},"end":{"line":6,"column":209}},"8":{"start":{"line":16,"column":25},"end":{"line":16,"column":29}},"9":{"start":{"line":17,"column":2},"end":{"line":31,"column":3}},"10":{"start":{"line":18,"column":12},"end":{"line":18,"column":23}},"11":{"start":{"line":19,"column":4},"end":{"line":26,"column":39}},"12":{"start":{"line":32,"column":2},"end":{"line":32,"column":26}},"13":{"start":{"line":35,"column":0},"end":{"line":37,"column":21}}},"fnMap":{"0":{"name":"AlertMessage","decl":{"start":{"line":15,"column":9},"end":{"line":15,"column":21}},"loc":{"start":{"line":15,"column":29},"end":{"line":33,"column":1}},"line":15}},"branchMap":{"0":{"loc":{"start":{"line":17,"column":2},"end":{"line":31,"column":3}},"type":"if","locations":[{"start":{"line":17,"column":2},"end":{"line":31,"column":3}},{"start":{"line":17,"column":2},"end":{"line":31,"column":3}}],"line":17},"1":{"loc":{"start":{"line":26,"column":6},"end":{"line":26,"column":34}},"type":"binary-expr","locations":[{"start":{"line":26,"column":6},"end":{"line":26,"column":11}},{"start":{"line":26,"column":15},"end":{"line":26,"column":34}}],"line":26}},"s":{"0":1,"1":1,"2":1,"3":1,"4":1,"5":1,"6":1,"7":1,"8":3,"9":3,"10":2,"11":2,"12":1,"13":1},"f":{"0":3},"b":{"0":[2,1],"1":[2,2]},"_coverageSchema":"43e27e138ebf9cfc5966b082cf9a028302ed4184","hash":"049826bc5a1d8487c7e4eea00f829a98a9de6a8d"}
,"/Users/mustafa/Desktop/back_ups/reactN/2019-RN/ReservationApp/App/Components/Common/Button.js": {"path":"/Users/mustafa/Desktop/back_ups/reactN/2019-RN/ReservationApp/App/Components/Common/Button.js","statementMap":{"0":{"start":{"line":1,"column":42},"end":{"line":1,"column":97}},"1":{"start":{"line":1,"column":98},"end":{"line":1,"column":160}},"2":{"start":{"line":1,"column":160},"end":{"line":1,"column":185}},"3":{"start":{"line":3,"column":13},"end":{"line":3,"column":53}},"4":{"start":{"line":4,"column":19},"end":{"line":4,"column":42}},"5":{"start":{"line":5,"column":20},"end":{"line":5,"column":76}},"6":{"start":{"line":5,"column":96},"end":{"line":5,"column":191}},"7":{"start":{"line":18,"column":14},"end":{"line":18,"column":45}},"8":{"start":{"line":18,"column":62},"end":{"line":18,"column":97}},"9":{"start":{"line":18,"column":105},"end":{"line":18,"column":131}},"10":{"start":{"line":19,"column":16},"end":{"line":19,"column":33}},"11":{"start":{"line":19,"column":45},"end":{"line":19,"column":59}},"12":{"start":{"line":19,"column":71},"end":{"line":19,"column":85}},"13":{"start":{"line":19,"column":96},"end":{"line":19,"column":109}},"14":{"start":{"line":19,"column":122},"end":{"line":19,"column":137}},"15":{"start":{"line":19,"column":146},"end":{"line":19,"column":157}},"16":{"start":{"line":21,"column":2},"end":{"line":28,"column":163}},"17":{"start":{"line":33,"column":0},"end":{"line":39,"column":21}}},"fnMap":{"0":{"name":"Button","decl":{"start":{"line":17,"column":9},"end":{"line":17,"column":15}},"loc":{"start":{"line":17,"column":23},"end":{"line":31,"column":1}},"line":17}},"branchMap":{"0":{"loc":{"start":{"line":25,"column":38},"end":{"line":25,"column":63}},"type":"binary-expr","locations":[{"start":{"line":25,"column":38},"end":{"line":25,"column":46}},{"start":{"line":25,"column":50},"end":{"line":25,"column":63}}],"line":25},"1":{"loc":{"start":{"line":28,"column":136},"end":{"line":28,"column":159}},"type":"binary-expr","locations":[{"start":{"line":28,"column":136},"end":{"line":28,"column":144}},{"start":{"line":28,"column":148},"end":{"line":28,"column":153}},{"start":{"line":28,"column":157},"end":{"line":28,"column":159}}],"line":28}},"s":{"0":1,"1":1,"2":1,"3":1,"4":1,"5":1,"6":1,"7":7,"8":7,"9":7,"10":7,"11":7,"12":7,"13":7,"14":7,"15":7,"16":7,"17":1},"f":{"0":7},"b":{"0":[7,1],"1":[7,0,0]},"_coverageSchema":"43e27e138ebf9cfc5966b082cf9a028302ed4184","hash":"9c443212af9c628405b42b5875af37a9e9ff3a86"}
,"/Users/mustafa/Desktop/back_ups/reactN/2019-RN/ReservationApp/App/Components/Common/Label.js": {"path":"/Users/mustafa/Desktop/back_ups/reactN/2019-RN/ReservationApp/App/Components/Common/Label.js","statementMap":{"0":{"start":{"line":1,"column":43},"end":{"line":1,"column":99}},"1":{"start":{"line":1,"column":129},"end":{"line":1,"column":184}},"2":{"start":{"line":1,"column":185},"end":{"line":1,"column":247}},"3":{"start":{"line":1,"column":247},"end":{"line":1,"column":271}},"4":{"start":{"line":3,"column":12},"end":{"line":3,"column":53}},"5":{"start":{"line":4,"column":19},"end":{"line":4,"column":42}},"6":{"start":{"line":6,"column":19},"end":{"line":6,"column":74}},"7":{"start":{"line":6,"column":94},"end":{"line":6,"column":188}},"8":{"start":{"line":16,"column":13},"end":{"line":16,"column":27}},"9":{"start":{"line":16,"column":40},"end":{"line":16,"column":55}},"10":{"start":{"line":16,"column":64},"end":{"line":16,"column":75}},"11":{"start":{"line":17,"column":9},"end":{"line":17,"column":34}},"12":{"start":{"line":19,"column":2},"end":{"line":19,"column":157}},"13":{"start":{"line":22,"column":0},"end":{"line":26,"column":21}}},"fnMap":{"0":{"name":"Label","decl":{"start":{"line":15,"column":9},"end":{"line":15,"column":14}},"loc":{"start":{"line":15,"column":22},"end":{"line":20,"column":1}},"line":15}},"branchMap":{"0":{"loc":{"start":{"line":19,"column":132},"end":{"line":19,"column":155}},"type":"binary-expr","locations":[{"start":{"line":19,"column":132},"end":{"line":19,"column":137}},{"start":{"line":19,"column":141},"end":{"line":19,"column":149}},{"start":{"line":19,"column":153},"end":{"line":19,"column":155}}],"line":19}},"s":{"0":1,"1":1,"2":1,"3":1,"4":1,"5":1,"6":1,"7":1,"8":5,"9":5,"10":5,"11":5,"12":5,"13":1},"f":{"0":5},"b":{"0":[5,4,3]},"_coverageSchema":"43e27e138ebf9cfc5966b082cf9a028302ed4184","hash":"c784357021c4cc3b988b0cc942871ffae8a6e233"}
,"/Users/mustafa/Desktop/back_ups/reactN/2019-RN/ReservationApp/App/Components/Common/Row.js": {"path":"/Users/mustafa/Desktop/back_ups/reactN/2019-RN/ReservationApp/App/Components/Common/Row.js","statementMap":{"0":{"start":{"line":1,"column":43},"end":{"line":1,"column":99}},"1":{"start":{"line":1,"column":129},"end":{"line":1,"column":184}},"2":{"start":{"line":1,"column":185},"end":{"line":1,"column":247}},"3":{"start":{"line":1,"column":247},"end":{"line":1,"column":269}},"4":{"start":{"line":3,"column":12},"end":{"line":3,"column":53}},"5":{"start":{"line":4,"column":19},"end":{"line":4,"column":42}},"6":{"start":{"line":6,"column":17},"end":{"line":6,"column":70}},"7":{"start":{"line":6,"column":90},"end":{"line":6,"column":182}},"8":{"start":{"line":11,"column":2},"end":{"line":11,"column":174}},"9":{"start":{"line":14,"column":0},"end":{"line":16,"column":21}}},"fnMap":{"0":{"name":"Row","decl":{"start":{"line":10,"column":9},"end":{"line":10,"column":12}},"loc":{"start":{"line":10,"column":20},"end":{"line":12,"column":1}},"line":10}},"branchMap":{},"s":{"0":1,"1":1,"2":1,"3":1,"4":1,"5":1,"6":1,"7":1,"8":3,"9":1},"f":{"0":3},"b":{},"_coverageSchema":"43e27e138ebf9cfc5966b082cf9a028302ed4184","hash":"7844f30bb6508d5be0e245221fedaeda78acd8aa"}
,"/Users/mustafa/Desktop/back_ups/reactN/2019-RN/ReservationApp/App/Components/Common/Styles/AlertMessageStyles.js": {"path":"/Users/mustafa/Desktop/back_ups/reactN/2019-RN/ReservationApp/App/Components/Common/Styles/AlertMessageStyles.js","statementMap":{"0":{"start":{"line":1,"column":13},"end":{"line":1,"column":75}},"1":{"start":{"line":1,"column":75},"end":{"line":1,"column":100}},"2":{"start":{"line":1,"column":119},"end":{"line":1,"column":142}},"3":{"start":{"line":2,"column":17},"end":{"line":2,"column":46}},"4":{"start":{"line":4,"column":0},"end":{"line":23,"column":28}},"5":{"start":{"line":23,"column":29},"end":{"line":23,"column":56}}},"fnMap":{},"branchMap":{},"s":{"0":1,"1":1,"2":1,"3":1,"4":1,"5":1},"f":{},"b":{},"_coverageSchema":"43e27e138ebf9cfc5966b082cf9a028302ed4184","hash":"da488bad4e4223c55005df5aabf7bee38ba57847"}
,"/Users/mustafa/Desktop/back_ups/reactN/2019-RN/ReservationApp/App/Components/Common/Styles/ButtonStyles.js": {"path":"/Users/mustafa/Desktop/back_ups/reactN/2019-RN/ReservationApp/App/Components/Common/Styles/ButtonStyles.js","statementMap":{"0":{"start":{"line":1,"column":13},"end":{"line":1,"column":75}},"1":{"start":{"line":1,"column":75},"end":{"line":1,"column":100}},"2":{"start":{"line":1,"column":119},"end":{"line":1,"column":142}},"3":{"start":{"line":2,"column":17},"end":{"line":2,"column":46}},"4":{"start":{"line":4,"column":0},"end":{"line":17,"column":28}},"5":{"start":{"line":17,"column":29},"end":{"line":17,"column":56}}},"fnMap":{},"branchMap":{"0":{"loc":{"start":{"line":16,"column":16},"end":{"line":16,"column":127}},"type":"cond-expr","locations":[{"start":{"line":16,"column":52},"end":{"line":16,"column":86}},{"start":{"line":16,"column":89},"end":{"line":16,"column":127}}],"line":16}},"s":{"0":1,"1":1,"2":1,"3":1,"4":1,"5":1},"f":{},"b":{"0":[1,0]},"_coverageSchema":"43e27e138ebf9cfc5966b082cf9a028302ed4184","hash":"15b8815247b8fe89727ca4416950752ac4117145"}
,"/Users/mustafa/Desktop/back_ups/reactN/2019-RN/ReservationApp/App/Components/Common/Styles/LabelStyles.js": {"path":"/Users/mustafa/Desktop/back_ups/reactN/2019-RN/ReservationApp/App/Components/Common/Styles/LabelStyles.js","statementMap":{"0":{"start":{"line":1,"column":13},"end":{"line":1,"column":75}},"1":{"start":{"line":1,"column":75},"end":{"line":1,"column":100}},"2":{"start":{"line":1,"column":119},"end":{"line":1,"column":142}},"3":{"start":{"line":3,"column":17},"end":{"line":3,"column":46}},"4":{"start":{"line":5,"column":0},"end":{"line":8,"column":28}},"5":{"start":{"line":8,"column":29},"end":{"line":8,"column":56}}},"fnMap":{},"branchMap":{"0":{"loc":{"start":{"line":7,"column":16},"end":{"line":7,"column":127}},"type":"cond-expr","locations":[{"start":{"line":7,"column":52},"end":{"line":7,"column":86}},{"start":{"line":7,"column":89},"end":{"line":7,"column":127}}],"line":7}},"s":{"0":1,"1":1,"2":1,"3":1,"4":1,"5":1},"f":{},"b":{"0":[1,0]},"_coverageSchema":"43e27e138ebf9cfc5966b082cf9a028302ed4184","hash":"024de1e0daa3e3bbd5ccf6d2b0520e17d067248c"}
,"/Users/mustafa/Desktop/back_ups/reactN/2019-RN/ReservationApp/App/Components/Common/Styles/RowStyles.js": {"path":"/Users/mustafa/Desktop/back_ups/reactN/2019-RN/ReservationApp/App/Components/Common/Styles/RowStyles.js","statementMap":{"0":{"start":{"line":1,"column":13},"end":{"line":1,"column":75}},"1":{"start":{"line":1,"column":75},"end":{"line":1,"column":100}},"2":{"start":{"line":1,"column":119},"end":{"line":1,"column":142}},"3":{"start":{"line":2,"column":17},"end":{"line":2,"column":46}},"4":{"start":{"line":4,"column":0},"end":{"line":10,"column":18}},"5":{"start":{"line":10,"column":19},"end":{"line":10,"column":46}}},"fnMap":{},"branchMap":{},"s":{"0":1,"1":1,"2":1,"3":1,"4":1,"5":1},"f":{},"b":{},"_coverageSchema":"43e27e138ebf9cfc5966b082cf9a028302ed4184","hash":"525eaed669e8af206954fd877474b850a9182349"}
,"/Users/mustafa/Desktop/back_ups/reactN/2019-RN/ReservationApp/App/Components/Navigation/TabBarLabel.js": {"path":"/Users/mustafa/Desktop/back_ups/reactN/2019-RN/ReservationApp/App/Components/Navigation/TabBarLabel.js","statementMap":{"0":{"start":{"line":1,"column":42},"end":{"line":1,"column":97}},"1":{"start":{"line":1,"column":98},"end":{"line":1,"column":160}},"2":{"start":{"line":1,"column":160},"end":{"line":1,"column":190}},"3":{"start":{"line":3,"column":13},"end":{"line":3,"column":53}},"4":{"start":{"line":4,"column":19},"end":{"line":4,"column":42}},"5":{"start":{"line":5,"column":17},"end":{"line":5,"column":43}},"6":{"start":{"line":7,"column":25},"end":{"line":7,"column":86}},"7":{"start":{"line":7,"column":106},"end":{"line":7,"column":210}},"8":{"start":{"line":17,"column":14},"end":{"line":17,"column":29}},"9":{"start":{"line":17,"column":38},"end":{"line":17,"column":49}},"10":{"start":{"line":18,"column":9},"end":{"line":18,"column":40}},"11":{"start":{"line":20,"column":2},"end":{"line":21,"column":235}},"12":{"start":{"line":25,"column":0},"end":{"line":27,"column":25}}},"fnMap":{"0":{"name":"TabBarLabel","decl":{"start":{"line":16,"column":9},"end":{"line":16,"column":20}},"loc":{"start":{"line":16,"column":28},"end":{"line":23,"column":1}},"line":16}},"branchMap":{"0":{"loc":{"start":{"line":21,"column":88},"end":{"line":21,"column":166}},"type":"cond-expr","locations":[{"start":{"line":21,"column":104},"end":{"line":21,"column":131}},{"start":{"line":21,"column":134},"end":{"line":21,"column":166}}],"line":21}},"s":{"0":1,"1":1,"2":1,"3":1,"4":1,"5":1,"6":1,"7":1,"8":7,"9":7,"10":7,"11":7,"12":1},"f":{"0":7},"b":{"0":[0,7]},"_coverageSchema":"43e27e138ebf9cfc5966b082cf9a028302ed4184","hash":"57b8190afa8bef7902401bfa8a26d15f71eb7c21"}
,"/Users/mustafa/Desktop/back_ups/reactN/2019-RN/ReservationApp/App/Components/Navigation/Styles/TabBarLabelStyles.js": {"path":"/Users/mustafa/Desktop/back_ups/reactN/2019-RN/ReservationApp/App/Components/Navigation/Styles/TabBarLabelStyles.js","statementMap":{"0":{"start":{"line":1,"column":13},"end":{"line":1,"column":75}},"1":{"start":{"line":1,"column":75},"end":{"line":1,"column":100}},"2":{"start":{"line":1,"column":119},"end":{"line":1,"column":142}},"3":{"start":{"line":3,"column":17},"end":{"line":3,"column":46}},"4":{"start":{"line":5,"column":0},"end":{"line":8,"column":28}},"5":{"start":{"line":8,"column":29},"end":{"line":8,"column":56}}},"fnMap":{},"branchMap":{"0":{"loc":{"start":{"line":7,"column":16},"end":{"line":7,"column":127}},"type":"cond-expr","locations":[{"start":{"line":7,"column":52},"end":{"line":7,"column":86}},{"start":{"line":7,"column":89},"end":{"line":7,"column":127}}],"line":7}},"s":{"0":1,"1":1,"2":1,"3":1,"4":1,"5":1},"f":{},"b":{"0":[1,0]},"_coverageSchema":"43e27e138ebf9cfc5966b082cf9a028302ed4184","hash":"cc99fef8ef62c3e6e83ba5034e4165b741b81f9b"}
,"/Users/mustafa/Desktop/back_ups/reactN/2019-RN/ReservationApp/App/Components/ReservationsScreen/Center.js": {"path":"/Users/mustafa/Desktop/back_ups/reactN/2019-RN/ReservationApp/App/Components/ReservationsScreen/Center.js","statementMap":{"0":{"start":{"line":1,"column":43},"end":{"line":1,"column":99}},"1":{"start":{"line":1,"column":129},"end":{"line":1,"column":184}},"2":{"start":{"line":1,"column":185},"end":{"line":1,"column":247}},"3":{"start":{"line":1,"column":247},"end":{"line":1,"column":272}},"4":{"start":{"line":3,"column":12},"end":{"line":3,"column":53}},"5":{"start":{"line":4,"column":19},"end":{"line":4,"column":42}},"6":{"start":{"line":6,"column":20},"end":{"line":6,"column":76}},"7":{"start":{"line":6,"column":96},"end":{"line":6,"column":203}},"8":{"start":{"line":11,"column":2},"end":{"line":11,"column":177}},"9":{"start":{"line":14,"column":0},"end":{"line":16,"column":24}}},"fnMap":{"0":{"name":"Center","decl":{"start":{"line":10,"column":9},"end":{"line":10,"column":15}},"loc":{"start":{"line":10,"column":23},"end":{"line":12,"column":1}},"line":10}},"branchMap":{},"s":{"0":1,"1":1,"2":1,"3":1,"4":1,"5":1,"6":1,"7":1,"8":2,"9":1},"f":{"0":2},"b":{},"_coverageSchema":"43e27e138ebf9cfc5966b082cf9a028302ed4184","hash":"8119717cc9a0569fd7fe2e93b0145d5e5b0377db"}
,"/Users/mustafa/Desktop/back_ups/reactN/2019-RN/ReservationApp/App/Components/ReservationsScreen/ListCard.js": {"path":"/Users/mustafa/Desktop/back_ups/reactN/2019-RN/ReservationApp/App/Components/ReservationsScreen/ListCard.js","statementMap":{"0":{"start":{"line":1,"column":43},"end":{"line":1,"column":99}},"1":{"start":{"line":1,"column":129},"end":{"line":1,"column":184}},"2":{"start":{"line":1,"column":185},"end":{"line":1,"column":247}},"3":{"start":{"line":1,"column":247},"end":{"line":1,"column":274}},"4":{"start":{"line":3,"column":12},"end":{"line":3,"column":53}},"5":{"start":{"line":4,"column":19},"end":{"line":4,"column":42}},"6":{"start":{"line":5,"column":22},"end":{"line":5,"column":80}},"7":{"start":{"line":5,"column":100},"end":{"line":5,"column":209}},"8":{"start":{"line":10,"column":14},"end":{"line":10,"column":47}},"9":{"start":{"line":10,"column":56},"end":{"line":10,"column":85}},"10":{"start":{"line":10,"column":94},"end":{"line":10,"column":123}},"11":{"start":{"line":10,"column":133},"end":{"line":10,"column":163}},"12":{"start":{"line":10,"column":170},"end":{"line":10,"column":197}},"13":{"start":{"line":11,"column":2},"end":{"line":11,"column":12}},"14":{"start":{"line":11,"column":20},"end":{"line":11,"column":36}},"15":{"start":{"line":11,"column":42},"end":{"line":11,"column":56}},"16":{"start":{"line":11,"column":69},"end":{"line":11,"column":90}},"17":{"start":{"line":11,"column":105},"end":{"line":11,"column":128}},"18":{"start":{"line":11,"column":145},"end":{"line":11,"column":170}},"19":{"start":{"line":12,"column":2},"end":{"line":31,"column":143}}},"fnMap":{"0":{"name":"ListCard","decl":{"start":{"line":9,"column":9},"end":{"line":9,"column":17}},"loc":{"start":{"line":9,"column":25},"end":{"line":35,"column":1}},"line":9}},"branchMap":{},"s":{"0":1,"1":1,"2":1,"3":1,"4":1,"5":1,"6":1,"7":1,"8":1,"9":1,"10":1,"11":1,"12":1,"13":1,"14":1,"15":1,"16":1,"17":1,"18":1,"19":1},"f":{"0":1},"b":{},"_coverageSchema":"43e27e138ebf9cfc5966b082cf9a028302ed4184","hash":"9779039c42274a79ccce281c6db42e77d1655801"}
,"/Users/mustafa/Desktop/back_ups/reactN/2019-RN/ReservationApp/App/Components/ReservationsScreen/Styles/CenterStyles.js": {"path":"/Users/mustafa/Desktop/back_ups/reactN/2019-RN/ReservationApp/App/Components/ReservationsScreen/Styles/CenterStyles.js","statementMap":{"0":{"start":{"line":1,"column":13},"end":{"line":1,"column":75}},"1":{"start":{"line":1,"column":75},"end":{"line":1,"column":100}},"2":{"start":{"line":1,"column":119},"end":{"line":1,"column":142}},"3":{"start":{"line":3,"column":0},"end":{"line":7,"column":33}},"4":{"start":{"line":7,"column":34},"end":{"line":7,"column":61}}},"fnMap":{},"branchMap":{},"s":{"0":1,"1":1,"2":1,"3":1,"4":1},"f":{},"b":{},"_coverageSchema":"43e27e138ebf9cfc5966b082cf9a028302ed4184","hash":"6cee2f9616953edd7ded3079e80be8af95c46ff0"}
,"/Users/mustafa/Desktop/back_ups/reactN/2019-RN/ReservationApp/App/Components/ReservationsScreen/Styles/ListCardStyles.js": {"path":"/Users/mustafa/Desktop/back_ups/reactN/2019-RN/ReservationApp/App/Components/ReservationsScreen/Styles/ListCardStyles.js","statementMap":{"0":{"start":{"line":1,"column":13},"end":{"line":1,"column":75}},"1":{"start":{"line":1,"column":75},"end":{"line":1,"column":100}},"2":{"start":{"line":1,"column":119},"end":{"line":1,"column":142}},"3":{"start":{"line":2,"column":17},"end":{"line":2,"column":46}},"4":{"start":{"line":4,"column":0},"end":{"line":46,"column":132}},"5":{"start":{"line":46,"column":133},"end":{"line":46,"column":160}}},"fnMap":{},"branchMap":{"0":{"loc":{"start":{"line":26,"column":16},"end":{"line":26,"column":117}},"type":"cond-expr","locations":[{"start":{"line":26,"column":52},"end":{"line":26,"column":81}},{"start":{"line":26,"column":84},"end":{"line":26,"column":117}}],"line":26},"1":{"loc":{"start":{"line":46,"column":16},"end":{"line":46,"column":127}},"type":"cond-expr","locations":[{"start":{"line":46,"column":52},"end":{"line":46,"column":86}},{"start":{"line":46,"column":89},"end":{"line":46,"column":127}}],"line":46}},"s":{"0":1,"1":1,"2":1,"3":1,"4":1,"5":1},"f":{},"b":{"0":[1,0],"1":[1,0]},"_coverageSchema":"43e27e138ebf9cfc5966b082cf9a028302ed4184","hash":"f9fc234d4f09bab7905052647ad38a96d77c83c9"}
,"/Users/mustafa/Desktop/back_ups/reactN/2019-RN/ReservationApp/App/Constants/ApplicationStyles.js": {"path":"/Users/mustafa/Desktop/back_ups/reactN/2019-RN/ReservationApp/App/Constants/ApplicationStyles.js","statementMap":{"0":{"start":{"line":1,"column":42},"end":{"line":1,"column":97}},"1":{"start":{"line":1,"column":98},"end":{"line":1,"column":160}},"2":{"start":{"line":1,"column":160},"end":{"line":1,"column":185}},"3":{"start":{"line":1,"column":204},"end":{"line":1,"column":227}},"4":{"start":{"line":2,"column":13},"end":{"line":2,"column":55}},"5":{"start":{"line":3,"column":14},"end":{"line":3,"column":57}},"6":{"start":{"line":5,"column":24},"end":{"line":10,"column":127}},"7":{"start":{"line":14,"column":0},"end":{"line":15,"column":40}},"8":{"start":{"line":15,"column":41},"end":{"line":15,"column":68}}},"fnMap":{},"branchMap":{"0":{"loc":{"start":{"line":10,"column":16},"end":{"line":10,"column":123}},"type":"cond-expr","locations":[{"start":{"line":10,"column":52},"end":{"line":10,"column":84}},{"start":{"line":10,"column":87},"end":{"line":10,"column":123}}],"line":10}},"s":{"0":9,"1":9,"2":9,"3":9,"4":9,"5":9,"6":9,"7":9,"8":9},"f":{},"b":{"0":[9,0]},"_coverageSchema":"43e27e138ebf9cfc5966b082cf9a028302ed4184","hash":"8555898f4be958e86c0bc998b1d4b0302e64edf1"}
,"/Users/mustafa/Desktop/back_ups/reactN/2019-RN/ReservationApp/App/Constants/Colors.js": {"path":"/Users/mustafa/Desktop/back_ups/reactN/2019-RN/ReservationApp/App/Constants/Colors.js","statementMap":{"0":{"start":{"line":1,"column":13},"end":{"line":1,"column":75}},"1":{"start":{"line":1,"column":75},"end":{"line":1,"column":100}},"2":{"start":{"line":1,"column":116},"end":{"line":1,"column":125}},"3":{"start":{"line":3,"column":0},"end":{"line":60,"column":32}},"4":{"start":{"line":60,"column":33},"end":{"line":60,"column":60}}},"fnMap":{},"branchMap":{},"s":{"0":9,"1":9,"2":9,"3":9,"4":9},"f":{},"b":{},"_coverageSchema":"43e27e138ebf9cfc5966b082cf9a028302ed4184","hash":"02e4a048f6f829d976ab1517a73cb7ad1b960951"}
,"/Users/mustafa/Desktop/back_ups/reactN/2019-RN/ReservationApp/App/Constants/Fonts.js": {"path":"/Users/mustafa/Desktop/back_ups/reactN/2019-RN/ReservationApp/App/Constants/Fonts.js","statementMap":{"0":{"start":{"line":1,"column":13},"end":{"line":1,"column":75}},"1":{"start":{"line":1,"column":75},"end":{"line":1,"column":100}},"2":{"start":{"line":1,"column":111},"end":{"line":4,"column":36}},"3":{"start":{"line":6,"column":18},"end":{"line":8,"column":37}},"4":{"start":{"line":10,"column":14},"end":{"line":19,"column":41}},"5":{"start":{"line":21,"column":11},"end":{"line":32,"column":13}},"6":{"start":{"line":35,"column":12},"end":{"line":66,"column":29}},"7":{"start":{"line":70,"column":0},"end":{"line":75,"column":20}},"8":{"start":{"line":75,"column":21},"end":{"line":75,"column":48}}},"fnMap":{},"branchMap":{},"s":{"0":9,"1":9,"2":9,"3":9,"4":9,"5":9,"6":9,"7":9,"8":9},"f":{},"b":{},"_coverageSchema":"43e27e138ebf9cfc5966b082cf9a028302ed4184","hash":"98b04077d78325bb164b9c8dadc894b0d06724ba"}
,"/Users/mustafa/Desktop/back_ups/reactN/2019-RN/ReservationApp/App/Constants/Images.js": {"path":"/Users/mustafa/Desktop/back_ups/reactN/2019-RN/ReservationApp/App/Constants/Images.js","statementMap":{"0":{"start":{"line":1,"column":13},"end":{"line":1,"column":75}},"1":{"start":{"line":1,"column":75},"end":{"line":1,"column":100}},"2":{"start":{"line":1,"column":113},"end":{"line":2,"column":41}},"3":{"start":{"line":5,"column":0},"end":{"line":5,"column":6}},"4":{"start":{"line":5,"column":7},"end":{"line":5,"column":34}}},"fnMap":{},"branchMap":{},"s":{"0":9,"1":9,"2":9,"3":9,"4":9},"f":{},"b":{},"_coverageSchema":"43e27e138ebf9cfc5966b082cf9a028302ed4184","hash":"44a4c368acd568d73ced6bb87a502a1db563a4bd"}
,"/Users/mustafa/Desktop/back_ups/reactN/2019-RN/ReservationApp/App/Constants/ListFilters.js": {"path":"/Users/mustafa/Desktop/back_ups/reactN/2019-RN/ReservationApp/App/Constants/ListFilters.js","statementMap":{"0":{"start":{"line":1,"column":13},"end":{"line":1,"column":75}},"1":{"start":{"line":1,"column":75},"end":{"line":1,"column":100}},"2":{"start":{"line":1,"column":115},"end":{"line":40,"column":27}},"3":{"start":{"line":40,"column":28},"end":{"line":40,"column":55}}},"fnMap":{},"branchMap":{},"s":{"0":9,"1":9,"2":9,"3":9},"f":{},"b":{},"_coverageSchema":"43e27e138ebf9cfc5966b082cf9a028302ed4184","hash":"1901821f0ce9b83d5f96ff2ca44bee7c4b25bc74"}
,"/Users/mustafa/Desktop/back_ups/reactN/2019-RN/ReservationApp/App/Constants/Metrics.js": {"path":"/Users/mustafa/Desktop/back_ups/reactN/2019-RN/ReservationApp/App/Constants/Metrics.js","statementMap":{"0":{"start":{"line":1,"column":13},"end":{"line":1,"column":75}},"1":{"start":{"line":1,"column":75},"end":{"line":1,"column":100}},"2":{"start":{"line":1,"column":119},"end":{"line":1,"column":142}},"3":{"start":{"line":3,"column":0},"end":{"line":3,"column":37}},"4":{"start":{"line":3,"column":46},"end":{"line":3,"column":67}},"5":{"start":{"line":3,"column":77},"end":{"line":3,"column":99}},"6":{"start":{"line":6,"column":14},"end":{"line":31,"column":17}},"7":{"start":{"line":35,"column":0},"end":{"line":35,"column":7}},"8":{"start":{"line":35,"column":8},"end":{"line":35,"column":35}}},"fnMap":{},"branchMap":{"0":{"loc":{"start":{"line":16,"column":15},"end":{"line":16,"column":46}},"type":"cond-expr","locations":[{"start":{"line":16,"column":32},"end":{"line":16,"column":37}},{"start":{"line":16,"column":40},"end":{"line":16,"column":46}}],"line":16},"1":{"loc":{"start":{"line":17,"column":16},"end":{"line":17,"column":47}},"type":"cond-expr","locations":[{"start":{"line":17,"column":33},"end":{"line":17,"column":39}},{"start":{"line":17,"column":42},"end":{"line":17,"column":47}}],"line":17},"2":{"loc":{"start":{"line":18,"column":16},"end":{"line":18,"column":60}},"type":"cond-expr","locations":[{"start":{"line":18,"column":53},"end":{"line":18,"column":55}},{"start":{"line":18,"column":58},"end":{"line":18,"column":60}}],"line":18}},"s":{"0":9,"1":9,"2":9,"3":9,"4":9,"5":9,"6":9,"7":9,"8":9},"f":{},"b":{"0":[9,0],"1":[9,0],"2":[9,0]},"_coverageSchema":"43e27e138ebf9cfc5966b082cf9a028302ed4184","hash":"8964aeda95ff2f9748e611434383affec37af0af"}
,"/Users/mustafa/Desktop/back_ups/reactN/2019-RN/ReservationApp/App/Constants/TestHelpers.js": {"path":"/Users/mustafa/Desktop/back_ups/reactN/2019-RN/ReservationApp/App/Constants/TestHelpers.js","statementMap":{"0":{"start":{"line":1,"column":13},"end":{"line":1,"column":75}},"1":{"start":{"line":1,"column":75},"end":{"line":1,"column":100}},"2":{"start":{"line":1,"column":111},"end":{"line":1,"column":129}},"3":{"start":{"line":2,"column":17},"end":{"line":2,"column":30}},"4":{"start":{"line":3,"column":0},"end":{"line":5,"column":26}},"5":{"start":{"line":5,"column":27},"end":{"line":5,"column":54}}},"fnMap":{"0":{"name":"noop","decl":{"start":{"line":1,"column":120},"end":{"line":1,"column":124}},"loc":{"start":{"line":1,"column":127},"end":{"line":1,"column":129}},"line":1}},"branchMap":{},"s":{"0":9,"1":9,"2":9,"3":9,"4":9,"5":9},"f":{"0":0},"b":{},"_coverageSchema":"43e27e138ebf9cfc5966b082cf9a028302ed4184","hash":"31b6b6f63b357f4b481f2671ce3465515aebfa4a"}
,"/Users/mustafa/Desktop/back_ups/reactN/2019-RN/ReservationApp/App/Constants/index.js": {"path":"/Users/mustafa/Desktop/back_ups/reactN/2019-RN/ReservationApp/App/Constants/index.js","statementMap":{"0":{"start":{"line":1,"column":42},"end":{"line":1,"column":97}},"1":{"start":{"line":1,"column":98},"end":{"line":1,"column":160}},"2":{"start":{"line":1,"column":160},"end":{"line":1,"column":270}},"3":{"start":{"line":1,"column":242},"end":{"line":1,"column":265}},"4":{"start":{"line":1,"column":270},"end":{"line":1,"column":378}},"5":{"start":{"line":1,"column":351},"end":{"line":1,"column":373}},"6":{"start":{"line":1,"column":378},"end":{"line":1,"column":490}},"7":{"start":{"line":1,"column":461},"end":{"line":1,"column":485}},"8":{"start":{"line":1,"column":490},"end":{"line":1,"column":600}},"9":{"start":{"line":1,"column":572},"end":{"line":1,"column":595}},"10":{"start":{"line":1,"column":600},"end":{"line":1,"column":720}},"11":{"start":{"line":1,"column":687},"end":{"line":1,"column":715}},"12":{"start":{"line":1,"column":720},"end":{"line":1,"column":852}},"13":{"start":{"line":1,"column":813},"end":{"line":1,"column":847}},"14":{"start":{"line":1,"column":852},"end":{"line":1,"column":972}},"15":{"start":{"line":1,"column":939},"end":{"line":1,"column":967}},"16":{"start":{"line":1,"column":986},"end":{"line":1,"column":1029}},"17":{"start":{"line":2,"column":13},"end":{"line":2,"column":55}},"18":{"start":{"line":3,"column":15},"end":{"line":3,"column":59}},"19":{"start":{"line":4,"column":14},"end":{"line":4,"column":57}},"20":{"start":{"line":5,"column":19},"end":{"line":5,"column":67}},"21":{"start":{"line":6,"column":25},"end":{"line":6,"column":79}},"22":{"start":{"line":7,"column":19},"end":{"line":7,"column":67}}},"fnMap":{"0":{"name":"get","decl":{"start":{"line":1,"column":235},"end":{"line":1,"column":238}},"loc":{"start":{"line":1,"column":241},"end":{"line":1,"column":266}},"line":1},"1":{"name":"get","decl":{"start":{"line":1,"column":344},"end":{"line":1,"column":347}},"loc":{"start":{"line":1,"column":350},"end":{"line":1,"column":374}},"line":1},"2":{"name":"get","decl":{"start":{"line":1,"column":454},"end":{"line":1,"column":457}},"loc":{"start":{"line":1,"column":460},"end":{"line":1,"column":486}},"line":1},"3":{"name":"get","decl":{"start":{"line":1,"column":565},"end":{"line":1,"column":568}},"loc":{"start":{"line":1,"column":571},"end":{"line":1,"column":596}},"line":1},"4":{"name":"get","decl":{"start":{"line":1,"column":680},"end":{"line":1,"column":683}},"loc":{"start":{"line":1,"column":686},"end":{"line":1,"column":716}},"line":1},"5":{"name":"get","decl":{"start":{"line":1,"column":806},"end":{"line":1,"column":809}},"loc":{"start":{"line":1,"column":812},"end":{"line":1,"column":848}},"line":1},"6":{"name":"get","decl":{"start":{"line":1,"column":932},"end":{"line":1,"column":935}},"loc":{"start":{"line":1,"column":938},"end":{"line":1,"column":968}},"line":1}},"branchMap":{},"s":{"0":9,"1":9,"2":9,"3":23,"4":9,"5":9,"6":9,"7":0,"8":9,"9":0,"10":9,"11":0,"12":9,"13":0,"14":9,"15":11,"16":9,"17":9,"18":9,"19":9,"20":9,"21":9,"22":9},"f":{"0":23,"1":9,"2":0,"3":0,"4":0,"5":0,"6":11},"b":{},"_coverageSchema":"43e27e138ebf9cfc5966b082cf9a028302ed4184","hash":"0b16e55d7ee292903bc048f59b01842448c27bcc"}
,"/Users/mustafa/Desktop/back_ups/reactN/2019-RN/ReservationApp/jest/assetsTransformer.js": {"path":"/Users/mustafa/Desktop/back_ups/reactN/2019-RN/ReservationApp/jest/assetsTransformer.js","statementMap":{"0":{"start":{"line":1,"column":0},"end":{"line":4,"column":6}},"1":{"start":{"line":3,"column":4},"end":{"line":3,"column":79}}},"fnMap":{"0":{"name":"process","decl":{"start":{"line":2,"column":20},"end":{"line":2,"column":27}},"loc":{"start":{"line":2,"column":60},"end":{"line":4,"column":3}},"line":2}},"branchMap":{},"s":{"0":9,"1":0},"f":{"0":0},"b":{},"_coverageSchema":"43e27e138ebf9cfc5966b082cf9a028302ed4184","hash":"a3a598fb2a0d86d9521601595b002c273b99d3b3"}
}
