TN:
SF:/Users/mustafa/Desktop/back_ups/reactN/2019-RN/ReservationApp/App/Api/Mutations.js
FN:1,_templateObject
FN:1,_templateObject
FNF:2
FNH:1
FNDA:1,_templateObject
FNDA:0,_templateObject
DA:1,1
DA:3,1
LF:2
LH:2
BRF:0
BRH:0
end_of_record
TN:
SF:/Users/mustafa/Desktop/back_ups/reactN/2019-RN/ReservationApp/App/Api/Queries.js
FN:1,_templateObject
FN:1,_templateObject
FNF:2
FNH:1
FNDA:1,_templateObject
FNDA:0,_templateObject
DA:1,1
DA:3,1
LF:2
LH:2
BRF:0
BRH:0
end_of_record
TN:
SF:/Users/mustafa/Desktop/back_ups/reactN/2019-RN/ReservationApp/App/Components/AddReservationScreen/Input.js
FN:23,(anonymous_0)
FN:25,Input
FN:31,(anonymous_2)
FN:35,(anonymous_3)
FN:38,textInputonFocusStyleHandle
FN:41,render
FN:56,onFocus
FNF:7
FNH:5
FNDA:2,(anonymous_0)
FNDA:9,Input
FNDA:0,(anonymous_2)
FNDA:1,(anonymous_3)
FNDA:1,textInputonFocusStyleHandle
FNDA:12,render
FNDA:0,onFocus
DA:1,2
DA:3,2
DA:4,2
DA:6,2
DA:23,2
DA:25,9
DA:26,9
DA:32,0
DA:33,9
DA:36,1
DA:37,1
DA:38,9
DA:40,1
DA:42,12
DA:43,12
DA:44,12
DA:45,12
DA:46,12
DA:56,0
DA:66,2
DA:69,2
LF:21
LH:19
BRDA:63,0,0,12
BRDA:63,0,1,0
BRF:2
BRH:1
end_of_record
TN:
SF:/Users/mustafa/Desktop/back_ups/reactN/2019-RN/ReservationApp/App/Components/AddReservationScreen/InputLabel.js
FN:14,InputLabel
FNF:1
FNH:1
FNDA:3,InputLabel
DA:1,2
DA:3,2
DA:4,2
DA:6,2
DA:15,3
DA:16,3
DA:28,2
LF:7
LH:7
BRF:0
BRH:0
end_of_record
TN:
SF:/Users/mustafa/Desktop/back_ups/reactN/2019-RN/ReservationApp/App/Components/AddReservationScreen/Styles/InputLabelStyles.js
FNF:0
FNH:0
DA:1,2
DA:2,2
DA:4,2
DA:13,2
LF:4
LH:4
BRDA:9,0,0,2
BRDA:9,0,1,0
BRF:2
BRH:1
end_of_record
TN:
SF:/Users/mustafa/Desktop/back_ups/reactN/2019-RN/ReservationApp/App/Components/AddReservationScreen/Styles/InputStyles.js
FNF:0
FNH:0
DA:1,2
DA:2,2
DA:4,2
DA:33,2
LF:4
LH:4
BRDA:29,0,0,2
BRDA:29,0,1,0
BRF:2
BRH:1
end_of_record
TN:
SF:/Users/mustafa/Desktop/back_ups/reactN/2019-RN/ReservationApp/App/Components/Common/AlertMessage.js
FN:15,AlertMessage
FNF:1
FNH:1
FNDA:3,AlertMessage
DA:1,3
DA:3,3
DA:4,3
DA:6,3
DA:16,3
DA:17,3
DA:18,2
DA:19,2
DA:32,1
DA:35,3
LF:10
LH:10
BRDA:17,0,0,2
BRDA:17,0,1,1
BRDA:26,1,0,2
BRDA:26,1,1,2
BRF:4
BRH:4
end_of_record
TN:
SF:/Users/mustafa/Desktop/back_ups/reactN/2019-RN/ReservationApp/App/Components/Common/Button.js
FN:17,Button
FNF:1
FNH:1
FNDA:7,Button
DA:1,3
DA:3,3
DA:4,3
DA:5,3
DA:18,7
DA:19,7
DA:21,7
DA:33,3
LF:8
LH:8
BRDA:25,0,0,7
BRDA:25,0,1,1
BRDA:28,1,0,7
BRDA:28,1,1,0
BRDA:28,1,2,0
BRF:5
BRH:3
end_of_record
TN:
SF:/Users/mustafa/Desktop/back_ups/reactN/2019-RN/ReservationApp/App/Components/Common/Label.js
FN:15,Label
FNF:1
FNH:1
FNDA:5,Label
DA:1,3
DA:3,3
DA:4,3
DA:6,3
DA:16,5
DA:17,5
DA:19,5
DA:22,3
LF:8
LH:8
BRDA:19,0,0,5
BRDA:19,0,1,4
BRDA:19,0,2,3
BRF:3
BRH:3
end_of_record
TN:
SF:/Users/mustafa/Desktop/back_ups/reactN/2019-RN/ReservationApp/App/Components/Common/Row.js
FN:10,Row
FNF:1
FNH:1
FNDA:3,Row
DA:1,3
DA:3,3
DA:4,3
DA:6,3
DA:11,3
DA:14,3
LF:6
LH:6
BRF:0
BRH:0
end_of_record
TN:
SF:/Users/mustafa/Desktop/back_ups/reactN/2019-RN/ReservationApp/App/Components/Common/Styles/AlertMessageStyles.js
FNF:0
FNH:0
DA:1,3
DA:2,3
DA:4,3
DA:23,3
LF:4
LH:4
BRF:0
BRH:0
end_of_record
TN:
SF:/Users/mustafa/Desktop/back_ups/reactN/2019-RN/ReservationApp/App/Components/Common/Styles/ButtonStyles.js
FNF:0
FNH:0
DA:1,3
DA:2,3
DA:4,3
DA:17,3
LF:4
LH:4
BRDA:16,0,0,3
BRDA:16,0,1,0
BRF:2
BRH:1
end_of_record
TN:
SF:/Users/mustafa/Desktop/back_ups/reactN/2019-RN/ReservationApp/App/Components/Common/Styles/LabelStyles.js
FNF:0
FNH:0
DA:1,3
DA:3,3
DA:5,3
DA:8,3
LF:4
LH:4
BRDA:7,0,0,3
BRDA:7,0,1,0
BRF:2
BRH:1
end_of_record
TN:
SF:/Users/mustafa/Desktop/back_ups/reactN/2019-RN/ReservationApp/App/Components/Common/Styles/RowStyles.js
FNF:0
FNH:0
DA:1,3
DA:2,3
DA:4,3
DA:10,3
LF:4
LH:4
BRF:0
BRH:0
end_of_record
TN:
SF:/Users/mustafa/Desktop/back_ups/reactN/2019-RN/ReservationApp/App/Components/Navigation/TabBarLabel.js
FN:16,TabBarLabel
FNF:1
FNH:1
FNDA:7,TabBarLabel
DA:1,1
DA:3,1
DA:4,1
DA:5,1
DA:7,1
DA:17,7
DA:18,7
DA:20,7
DA:25,1
LF:9
LH:9
BRDA:21,0,0,0
BRDA:21,0,1,7
BRF:2
BRH:1
end_of_record
TN:
SF:/Users/mustafa/Desktop/back_ups/reactN/2019-RN/ReservationApp/App/Components/Navigation/Styles/TabBarLabelStyles.js
FNF:0
FNH:0
DA:1,1
DA:3,1
DA:5,1
DA:8,1
LF:4
LH:4
BRDA:7,0,0,1
BRDA:7,0,1,0
BRF:2
BRH:1
end_of_record
TN:
SF:/Users/mustafa/Desktop/back_ups/reactN/2019-RN/ReservationApp/App/Components/ReservationsScreen/Center.js
FN:10,Center
FNF:1
FNH:1
FNDA:2,Center
DA:1,2
DA:3,2
DA:4,2
DA:6,2
DA:11,2
DA:14,2
LF:6
LH:6
BRF:0
BRH:0
end_of_record
TN:
SF:/Users/mustafa/Desktop/back_ups/reactN/2019-RN/ReservationApp/App/Components/ReservationsScreen/ListCard.js
FN:9,ListCard
FNF:1
FNH:1
FNDA:1,ListCard
DA:1,2
DA:3,2
DA:4,2
DA:5,2
DA:10,1
DA:11,1
DA:12,1
LF:7
LH:7
BRF:0
BRH:0
end_of_record
TN:
SF:/Users/mustafa/Desktop/back_ups/reactN/2019-RN/ReservationApp/App/Components/ReservationsScreen/Search.js
FN:19,(anonymous_0)
FN:20,Search
FN:27,(anonymous_2)
FN:29,render
FN:42,onChangeText
FNF:5
FNH:3
FNDA:2,(anonymous_0)
FNDA:3,Search
FNDA:0,(anonymous_2)
FNDA:4,render
FNDA:0,onChangeText
DA:1,2
DA:3,2
DA:4,2
DA:5,2
DA:6,2
DA:8,2
DA:19,2
DA:20,3
DA:21,3
DA:28,0
DA:29,3
DA:30,4
DA:31,4
DA:32,4
DA:42,0
DA:51,2
LF:16
LH:14
BRDA:37,0,0,4
BRDA:37,0,1,0
BRF:2
BRH:1
end_of_record
TN:
SF:/Users/mustafa/Desktop/back_ups/reactN/2019-RN/ReservationApp/App/Components/ReservationsScreen/StickyCard.js
FN:10,StickyCard
FNF:1
FNH:1
FNDA:2,StickyCard
DA:1,2
DA:3,2
DA:4,2
DA:6,2
DA:11,2
LF:5
LH:5
BRF:0
BRH:0
end_of_record
TN:
SF:/Users/mustafa/Desktop/back_ups/reactN/2019-RN/ReservationApp/App/Components/ReservationsScreen/Styles/CenterStyles.js
FNF:0
FNH:0
DA:1,2
DA:3,2
DA:7,2
LF:3
LH:3
BRF:0
BRH:0
end_of_record
TN:
SF:/Users/mustafa/Desktop/back_ups/reactN/2019-RN/ReservationApp/App/Components/ReservationsScreen/Styles/ListCardStyles.js
FNF:0
FNH:0
DA:1,2
DA:2,2
DA:4,2
DA:46,2
LF:4
LH:4
BRDA:26,0,0,2
BRDA:26,0,1,0
BRDA:46,1,0,2
BRDA:46,1,1,0
BRF:4
BRH:2
end_of_record
TN:
SF:/Users/mustafa/Desktop/back_ups/reactN/2019-RN/ReservationApp/App/Components/ReservationsScreen/Styles/SearchStyles.js
FNF:0
FNH:0
DA:1,2
DA:2,2
DA:4,2
DA:30,2
LF:4
LH:4
BRDA:26,0,0,2
BRDA:26,0,1,0
BRF:2
BRH:1
end_of_record
TN:
SF:/Users/mustafa/Desktop/back_ups/reactN/2019-RN/ReservationApp/App/Components/ReservationsScreen/Styles/StickyCardStyles.js
FNF:0
FNH:0
DA:1,2
DA:2,2
DA:4,2
DA:11,2
LF:4
LH:4
BRF:0
BRH:0
end_of_record
TN:
SF:/Users/mustafa/Desktop/back_ups/reactN/2019-RN/ReservationApp/App/Constants/ApplicationStyles.js
FNF:0
FNH:0
DA:1,13
DA:2,13
DA:3,13
DA:5,13
DA:14,13
DA:15,13
LF:6
LH:6
BRDA:10,0,0,13
BRDA:10,0,1,0
BRF:2
BRH:1
end_of_record
TN:
SF:/Users/mustafa/Desktop/back_ups/reactN/2019-RN/ReservationApp/App/Constants/Colors.js
FNF:0
FNH:0
DA:1,13
DA:3,13
DA:60,13
LF:3
LH:3
BRF:0
BRH:0
end_of_record
TN:
SF:/Users/mustafa/Desktop/back_ups/reactN/2019-RN/ReservationApp/App/Constants/Fonts.js
FNF:0
FNH:0
DA:1,13
DA:6,13
DA:10,13
DA:21,13
DA:35,13
DA:70,13
DA:75,13
LF:7
LH:7
BRF:0
BRH:0
end_of_record
TN:
SF:/Users/mustafa/Desktop/back_ups/reactN/2019-RN/ReservationApp/App/Constants/Images.js
FNF:0
FNH:0
DA:1,13
DA:5,13
LF:2
LH:2
BRF:0
BRH:0
end_of_record
TN:
SF:/Users/mustafa/Desktop/back_ups/reactN/2019-RN/ReservationApp/App/Constants/ListFilters.js
FNF:0
FNH:0
DA:1,13
DA:40,13
LF:2
LH:2
BRF:0
BRH:0
end_of_record
TN:
SF:/Users/mustafa/Desktop/back_ups/reactN/2019-RN/ReservationApp/App/Constants/Metrics.js
FNF:0
FNH:0
DA:1,13
DA:3,13
DA:6,13
DA:35,13
LF:4
LH:4
BRDA:16,0,0,13
BRDA:16,0,1,0
BRDA:17,1,0,13
BRDA:17,1,1,0
BRDA:18,2,0,13
BRDA:18,2,1,0
BRF:6
BRH:3
end_of_record
TN:
SF:/Users/mustafa/Desktop/back_ups/reactN/2019-RN/ReservationApp/App/Constants/TestHelpers.js
FN:1,noop
FNF:1
FNH:1
FNDA:1,noop
DA:1,13
DA:2,13
DA:3,13
DA:5,13
LF:4
LH:4
BRF:0
BRH:0
end_of_record
TN:
SF:/Users/mustafa/Desktop/back_ups/reactN/2019-RN/ReservationApp/App/Constants/index.js
FN:1,get
FN:1,get
FN:1,get
FN:1,get
FN:1,get
FN:1,get
FN:1,get
FNF:7
FNH:4
FNDA:89,get
FNDA:30,get
FNDA:0,get
FNDA:0,get
FNDA:15,get
FNDA:0,get
FNDA:15,get
DA:1,89
DA:2,13
DA:3,13
DA:4,13
DA:5,13
DA:6,13
DA:7,13
LF:7
LH:7
BRF:0
BRH:0
end_of_record
TN:
SF:/Users/mustafa/Desktop/back_ups/reactN/2019-RN/ReservationApp/App/Screens/AddReservationScreen.js
FN:27,(anonymous_0)
FN:35,AddReservationScreen
FN:45,(anonymous_2)
FN:48,(anonymous_3)
FN:53,(anonymous_4)
FN:61,(anonymous_5)
FN:62,(anonymous_6)
FN:64,(anonymous_7)
FN:65,(anonymous_8)
FN:66,render
FN:97,onPress
FN:108,onPress
FN:119,(anonymous_12)
FN:129,onSubmit
FN:141,render
FN:191,onDateChange
FN:192,onOpenModal
FN:220,onDateChange
FN:221,onOpenModal
FNF:19
FNH:6
FNDA:1,(anonymous_0)
FNDA:5,AddReservationScreen
FNDA:3,(anonymous_2)
FNDA:1,(anonymous_3)
FNDA:1,(anonymous_4)
FNDA:0,(anonymous_5)
FNDA:0,(anonymous_6)
FNDA:0,(anonymous_7)
FNDA:0,(anonymous_8)
FNDA:10,render
FNDA:0,onPress
FNDA:0,onPress
FNDA:0,(anonymous_12)
FNDA:0,onSubmit
FNDA:0,render
FNDA:0,onDateChange
FNDA:0,onOpenModal
FNDA:0,onDateChange
FNDA:0,onOpenModal
DA:1,1
DA:3,1
DA:4,1
DA:5,1
DA:6,1
DA:7,1
DA:8,1
DA:9,1
DA:10,1
DA:11,1
DA:12,1
DA:13,1
DA:14,1
DA:15,1
DA:16,1
DA:18,1
DA:27,1
DA:35,5
DA:36,5
DA:46,3
DA:48,1
DA:51,1
DA:53,1
DA:56,1
DA:58,1
DA:60,5
DA:62,0
DA:63,5
DA:65,0
DA:66,5
DA:67,10
DA:82,10
DA:83,10
DA:85,10
DA:97,0
DA:108,0
DA:119,0
DA:120,0
DA:121,0
DA:129,0
DA:150,0
DA:151,0
DA:191,0
DA:192,0
DA:220,0
DA:221,0
DA:257,1
LF:47
LH:33
BRDA:46,0,0,1
BRDA:46,0,1,1
BRDA:46,0,2,1
BRDA:88,1,0,10
BRDA:88,1,1,0
BRDA:92,2,0,10
BRDA:92,2,1,3
BRDA:103,3,0,3
BRDA:103,3,1,7
BRDA:120,4,0,0
BRDA:120,4,1,0
BRDA:156,5,0,0
BRDA:156,5,1,0
BRDA:168,6,0,0
BRDA:168,6,1,0
BRDA:197,7,0,0
BRDA:197,7,1,0
BRDA:197,7,2,0
BRDA:226,8,0,0
BRDA:226,8,1,0
BRDA:226,8,2,0
BRDA:234,9,0,0
BRDA:234,9,1,0
BRF:23
BRH:8
end_of_record
TN:
SF:/Users/mustafa/Desktop/back_ups/reactN/2019-RN/ReservationApp/App/Screens/ReservationsScreen.js
FN:25,(anonymous_0)
FN:32,ReservationsScreen
FN:36,(anonymous_2)
FN:39,(anonymous_3)
FN:41,render
FN:51,(anonymous_5)
FN:54,onPress
FN:77,(anonymous_7)
FN:91,(anonymous_8)
FN:126,keyExtractor
FN:127,onEndReached
FN:132,updateQuery
FN:141,onRefresh
FN:143,renderItem
FNF:14
FNH:6
FNDA:1,(anonymous_0)
FNDA:11,ReservationsScreen
FNDA:1,(anonymous_2)
FNDA:1,(anonymous_3)
FNDA:15,render
FNDA:0,(anonymous_5)
FNDA:0,onPress
FNDA:120,(anonymous_7)
FNDA:0,(anonymous_8)
FNDA:0,keyExtractor
FNDA:0,onEndReached
FNDA:0,updateQuery
FNDA:0,onRefresh
FNDA:0,renderItem
DA:1,1
DA:2,1
DA:3,1
DA:4,1
DA:5,1
DA:6,1
DA:7,1
DA:8,1
DA:9,1
DA:10,1
DA:11,1
DA:12,1
DA:13,1
DA:14,1
DA:16,1
DA:25,1
DA:32,11
DA:33,11
DA:37,1
DA:38,11
DA:40,1
DA:41,11
DA:42,15
DA:43,15
DA:44,15
DA:45,15
DA:46,15
DA:51,0
DA:54,0
DA:77,120
DA:91,0
DA:92,0
DA:93,0
DA:94,0
DA:103,0
DA:104,0
DA:113,0
DA:114,0
DA:123,0
DA:126,0
DA:127,0
DA:132,0
DA:133,0
DA:134,0
DA:141,0
DA:143,0
DA:150,1
LF:47
LH:29
BRDA:45,0,0,12
BRDA:45,0,1,3
BRDA:93,1,0,0
BRDA:93,1,1,0
BRDA:103,2,0,0
BRDA:103,2,1,0
BRDA:113,3,0,0
BRDA:113,3,1,0
BRDA:113,4,0,0
BRDA:113,4,1,0
BRDA:133,5,0,0
BRDA:133,5,1,0
BRF:12
BRH:2
end_of_record
TN:
SF:/Users/mustafa/Desktop/back_ups/reactN/2019-RN/ReservationApp/App/Screens/Styles/AddReservationStyles.js
FNF:0
FNH:0
DA:1,1
DA:2,1
DA:4,1
DA:74,1
LF:4
LH:4
BRDA:20,0,0,1
BRDA:20,0,1,0
BRDA:67,1,0,1
BRDA:67,1,1,0
BRDA:68,2,0,1
BRDA:68,2,1,0
BRF:6
BRH:3
end_of_record
TN:
SF:/Users/mustafa/Desktop/back_ups/reactN/2019-RN/ReservationApp/App/Screens/Styles/ReservationScreenStyles.js
FNF:0
FNH:0
DA:1,1
DA:2,1
DA:4,1
DA:44,1
LF:4
LH:4
BRDA:19,0,0,1
BRDA:19,0,1,0
BRDA:30,1,0,1
BRDA:30,1,1,0
BRDA:31,2,0,1
BRDA:31,2,1,0
BRDA:43,3,0,1
BRDA:43,3,1,0
BRF:8
BRH:4
end_of_record
TN:
SF:/Users/mustafa/Desktop/back_ups/reactN/2019-RN/ReservationApp/jest/assetsTransformer.js
FN:2,process
FNF:1
FNH:0
FNDA:0,process
DA:1,13
DA:3,0
LF:2
LH:1
BRF:0
BRH:0
end_of_record
