TN:
SF:/Users/mustafa/Desktop/back_ups/reactN/2019-RN/ReservationApp/assetsTransformer.js
FN:2,process
FNF:1
FNH:0
FNDA:0,process
DA:1,1
DA:3,0
LF:2
LH:1
BRF:0
BRH:0
end_of_record
TN:
SF:/Users/mustafa/Desktop/back_ups/reactN/2019-RN/ReservationApp/App/Components/Navigation/TabBarLabel.js
FN:16,TabBarLabel
FNF:1
FNH:1
FNDA:7,TabBarLabel
DA:1,1
DA:3,1
DA:4,1
DA:5,1
DA:7,1
DA:17,7
DA:18,7
DA:20,7
DA:29,1
LF:9
LH:9
BRDA:22,0,0,0
BRDA:22,0,1,7
BRF:2
BRH:1
end_of_record
TN:
SF:/Users/mustafa/Desktop/back_ups/reactN/2019-RN/ReservationApp/App/Components/Navigation/Styles/TabBarLabelStyles.js
FNF:0
FNH:0
DA:1,1
DA:3,1
DA:5,1
DA:8,1
LF:4
LH:4
BRDA:8,0,0,1
BRDA:8,0,1,0
BRF:2
BRH:1
end_of_record
TN:
SF:/Users/mustafa/Desktop/back_ups/reactN/2019-RN/ReservationApp/App/Constants/ApplicationStyles.js
FNF:0
FNH:0
DA:1,1
DA:2,1
DA:3,1
DA:5,1
DA:14,1
DA:15,1
LF:6
LH:6
BRDA:10,0,0,1
BRDA:10,0,1,0
BRF:2
BRH:1
end_of_record
TN:
SF:/Users/mustafa/Desktop/back_ups/reactN/2019-RN/ReservationApp/App/Constants/Colors.js
FNF:0
FNH:0
DA:1,1
DA:3,1
DA:60,1
LF:3
LH:3
BRF:0
BRH:0
end_of_record
TN:
SF:/Users/mustafa/Desktop/back_ups/reactN/2019-RN/ReservationApp/App/Constants/Fonts.js
FNF:0
FNH:0
DA:1,1
DA:6,1
DA:10,1
DA:21,1
DA:35,1
DA:70,1
DA:75,1
LF:7
LH:7
BRF:0
BRH:0
end_of_record
TN:
SF:/Users/mustafa/Desktop/back_ups/reactN/2019-RN/ReservationApp/App/Constants/Images.js
FNF:0
FNH:0
DA:1,1
DA:5,1
LF:2
LH:2
BRF:0
BRH:0
end_of_record
TN:
SF:/Users/mustafa/Desktop/back_ups/reactN/2019-RN/ReservationApp/App/Constants/ListFilters.js
FNF:0
FNH:0
DA:1,1
DA:36,1
LF:2
LH:2
BRF:0
BRH:0
end_of_record
TN:
SF:/Users/mustafa/Desktop/back_ups/reactN/2019-RN/ReservationApp/App/Constants/Metrics.js
FNF:0
FNH:0
DA:1,1
DA:3,1
DA:6,1
DA:35,1
LF:4
LH:4
BRDA:16,0,0,1
BRDA:16,0,1,0
BRDA:17,1,0,1
BRDA:17,1,1,0
BRDA:18,2,0,1
BRDA:18,2,1,0
BRF:6
BRH:3
end_of_record
TN:
SF:/Users/mustafa/Desktop/back_ups/reactN/2019-RN/ReservationApp/App/Constants/TestHelpers.js
FN:1,noop
FNF:1
FNH:0
FNDA:0,noop
DA:1,1
DA:2,1
DA:3,1
DA:5,1
LF:4
LH:4
BRF:0
BRH:0
end_of_record
TN:
SF:/Users/mustafa/Desktop/back_ups/reactN/2019-RN/ReservationApp/App/Constants/index.js
FN:1,get
FN:1,get
FN:1,get
FN:1,get
FN:1,get
FN:1,get
FN:1,get
FNF:7
FNH:3
FNDA:7,get
FNDA:1,get
FNDA:0,get
FNDA:0,get
FNDA:0,get
FNDA:0,get
FNDA:1,get
DA:1,7
DA:2,1
DA:3,1
DA:4,1
DA:5,1
DA:6,1
DA:7,1
LF:7
LH:7
BRF:0
BRH:0
end_of_record
